#
# There is insufficient memory for the Java Runtime Environment to continue.
# Native memory allocation (malloc) failed to allocate 771696 bytes for Chunk::new
# Possible reasons:
#   The system is out of physical RAM or swap space
#   The process is running with CompressedOops enabled, and the Java Heap may be blocking the growth of the native heap
# Possible solutions:
#   Reduce memory load on the system
#   Increase physical memory or swap space
#   Check if swap backing store is full
#   Decrease Java heap size (-Xmx/-Xms)
#   Decrease number of Java threads
#   Decrease Java thread stack sizes (-Xss)
#   Set larger code cache with -XX:ReservedCodeCacheSize=
#   JVM is running with Unscaled Compressed Oops mode in which the Java heap is
#     placed in the first 4GB address space. The Java Heap base address is the
#     maximum limit for the native heap growth. Please use -XX:HeapBaseMinAddress
#     to set the Java Heap base and to place the Java Heap above 4GB virtual address.
# This output file may be truncated or incomplete.
#
#  Out of Memory Error (arena.cpp:191), pid=9908, tid=5568
#
# JRE version: OpenJDK Runtime Environment (17.0.10) (build 17.0.10+0--11572160)
# Java VM: OpenJDK 64-Bit Server VM (17.0.10+0--11572160, mixed mode, tiered, compressed oops, compressed class ptrs, g1 gc, windows-amd64)
# No core dump will be written. Minidumps are not enabled by default on client versions of Windows
#

---------------  S U M M A R Y ------------

Command Line: --add-opens=java.base/java.util=ALL-UNNAMED --add-opens=java.base/java.lang=ALL-UNNAMED --add-opens=java.base/java.lang.invoke=ALL-UNNAMED --add-opens=java.prefs/java.util.prefs=ALL-UNNAMED --add-opens=java.base/java.nio.charset=ALL-UNNAMED --add-opens=java.base/java.net=ALL-UNNAMED --add-opens=java.base/java.util.concurrent.atomic=ALL-UNNAMED -Xmx2048m -Dfile.encoding=UTF-8 -Duser.country=419 -Duser.language=es -Duser.variant org.gradle.launcher.daemon.bootstrap.GradleDaemon 8.0

Host: Intel(R) Core(TM) i3-2370M CPU @ 2.40GHz, 4 cores, 3G,  Windows 10 , 64 bit Build 19041 (10.0.19041.3636)
Time: Thu Jun  6 14:57:16 2024 Hora estándar de Argentina elapsed time: 44.108328 seconds (0d 0h 0m 44s)

---------------  T H R E A D  ---------------

Current thread (0x0000025b54c556c0):  JavaThread "C2 CompilerThread0" daemon [_thread_in_native, id=5568, stack(0x000000a900300000,0x000000a900400000)]


Current CompileTask:
C2:  44108 8553       4       java.lang.PublicMethods::merge (81 bytes)

Stack: [0x000000a900300000,0x000000a900400000]
Native frames: (J=compiled Java code, j=interpreted, Vv=VM code, C=native code)
V  [jvm.dll+0x688e89]
V  [jvm.dll+0x84247a]
V  [jvm.dll+0x8440be]
V  [jvm.dll+0x844723]
V  [jvm.dll+0x24be0f]
V  [jvm.dll+0xac524]
V  [jvm.dll+0xacb6c]
V  [jvm.dll+0x36bd12]
V  [jvm.dll+0x33615a]
V  [jvm.dll+0x3355fa]
V  [jvm.dll+0x21daa1]
V  [jvm.dll+0x21cec1]
V  [jvm.dll+0x1a60ad]
V  [jvm.dll+0x22cd78]
V  [jvm.dll+0x22aeb0]
V  [jvm.dll+0x7f6917]
V  [jvm.dll+0x7f0d1a]
V  [jvm.dll+0x687d05]
C  [ucrtbase.dll+0x21bb2]
C  [KERNEL32.DLL+0x17344]
C  [ntdll.dll+0x526b1]


---------------  P R O C E S S  ---------------

Threads class SMR info:
_java_thread_list=0x0000025b5dc8ba30, length=81, elements={
0x0000025b396e21f0, 0x0000025b54c1f6a0, 0x0000025b54c25480, 0x0000025b54c40ce0,
0x0000025b54c51c00, 0x0000025b54c541f0, 0x0000025b54c54ac0, 0x0000025b54c556c0,
0x0000025b59017990, 0x0000025b54c5dfc0, 0x0000025b5916e600, 0x0000025b5916eef0,
0x0000025b5ae56a30, 0x0000025b5a999120, 0x0000025b5a474240, 0x0000025b5bfffda0,
0x0000025b5a355200, 0x0000025b5ad7e630, 0x0000025b5b8098b0, 0x0000025b59fc85c0,
0x0000025b59fc8ad0, 0x0000025b59fcae40, 0x0000025b59fcb350, 0x0000025b59fc94f0,
0x0000025b59fcb860, 0x0000025b59fc9f10, 0x0000025b5d3579b0, 0x0000025b5d35cab0,
0x0000025b5d35ac50, 0x0000025b5d357ec0, 0x0000025b5d3588e0, 0x0000025b5d35c090,
0x0000025b5d358df0, 0x0000025b5d359d20, 0x0000025b5d35a740, 0x0000025b5d3583d0,
0x0000025b5d35c5a0, 0x0000025b5d35b160, 0x0000025b5d35b670, 0x0000025b5d35cfc0,
0x0000025b5d355b50, 0x0000025b5d356570, 0x0000025b5d356a80, 0x0000025b5d3574a0,
0x0000025b59845a90, 0x0000025b59849750, 0x0000025b5984ab90, 0x0000025b59848310,
0x0000025b59849240, 0x0000025b5984b5b0, 0x0000025b59845fa0, 0x0000025b59849c60,
0x0000025b59848820, 0x0000025b5984cf00, 0x0000025b598464b0, 0x0000025b598469c0,
0x0000025b5984b0a0, 0x0000025b5984a170, 0x0000025b5984a680, 0x0000025b5984bac0,
0x0000025b5984bfd0, 0x0000025b5984c4e0, 0x0000025b59848d30, 0x0000025b5984d410,
0x0000025b59846ed0, 0x0000025b598478f0, 0x0000025b598473e0, 0x0000025b59847e00,
0x0000025b5b98c5d0, 0x0000025b5b986ab0, 0x0000025b5b98cff0, 0x0000025b5b98b6a0,
0x0000025b5b98d500, 0x0000025b5b9874d0, 0x0000025b5b98a260, 0x0000025b5b987ef0,
0x0000025b5b986fc0, 0x0000025b5b9879e0, 0x0000025b5b98cae0, 0x0000025b5b98e430,
0x0000025b5b988400
}

Java Threads: ( => current thread )
  0x0000025b396e21f0 JavaThread "main" [_thread_blocked, id=9424, stack(0x000000a97f600000,0x000000a97f700000)]
  0x0000025b54c1f6a0 JavaThread "Reference Handler" daemon [_thread_blocked, id=360, stack(0x000000a97fd00000,0x000000a97fe00000)]
  0x0000025b54c25480 JavaThread "Finalizer" daemon [_thread_blocked, id=5412, stack(0x000000a97fe00000,0x000000a97ff00000)]
  0x0000025b54c40ce0 JavaThread "Signal Dispatcher" daemon [_thread_blocked, id=10500, stack(0x000000a97ff00000,0x000000a980000000)]
  0x0000025b54c51c00 JavaThread "Attach Listener" daemon [_thread_blocked, id=7352, stack(0x000000a900000000,0x000000a900100000)]
  0x0000025b54c541f0 JavaThread "Service Thread" daemon [_thread_blocked, id=3088, stack(0x000000a900100000,0x000000a900200000)]
  0x0000025b54c54ac0 JavaThread "Monitor Deflation Thread" daemon [_thread_blocked, id=9892, stack(0x000000a900200000,0x000000a900300000)]
=>0x0000025b54c556c0 JavaThread "C2 CompilerThread0" daemon [_thread_in_native, id=5568, stack(0x000000a900300000,0x000000a900400000)]
  0x0000025b59017990 JavaThread "C1 CompilerThread0" daemon [_thread_blocked, id=8592, stack(0x000000a900400000,0x000000a900500000)]
  0x0000025b54c5dfc0 JavaThread "Sweeper thread" daemon [_thread_blocked, id=4812, stack(0x000000a900500000,0x000000a900600000)]
  0x0000025b5916e600 JavaThread "Common-Cleaner" daemon [_thread_blocked, id=8704, stack(0x000000a900600000,0x000000a900700000)]
  0x0000025b5916eef0 JavaThread "Notification Thread" daemon [_thread_blocked, id=10956, stack(0x000000a900700000,0x000000a900800000)]
  0x0000025b5ae56a30 JavaThread "Daemon health stats" [_thread_blocked, id=1036, stack(0x000000a900d00000,0x000000a900e00000)]
  0x0000025b5a999120 JavaThread "Incoming local TCP Connector on port 58168" [_thread_in_native, id=3200, stack(0x000000a900900000,0x000000a900a00000)]
  0x0000025b5a474240 JavaThread "Daemon periodic checks" [_thread_blocked, id=10800, stack(0x000000a900f00000,0x000000a901000000)]
  0x0000025b5bfffda0 JavaThread "Daemon" [_thread_blocked, id=9836, stack(0x000000a901000000,0x000000a901100000)]
  0x0000025b5a355200 JavaThread "Handler for socket connection from /127.0.0.1:58168 to /127.0.0.1:58169" [_thread_in_native, id=1136, stack(0x000000a901100000,0x000000a901200000)]
  0x0000025b5ad7e630 JavaThread "Cancel handler" [_thread_blocked, id=4184, stack(0x000000a901200000,0x000000a901300000)]
  0x0000025b5b8098b0 JavaThread "Daemon worker" [_thread_in_vm, id=6076, stack(0x000000a901300000,0x000000a901400000)]
  0x0000025b59fc85c0 JavaThread "Asynchronous log dispatcher for DefaultDaemonConnection: socket connection from /127.0.0.1:58168 to /127.0.0.1:58169" [_thread_blocked, id=1632, stack(0x000000a901400000,0x000000a901500000)]
  0x0000025b59fc8ad0 JavaThread "Stdin handler" [_thread_blocked, id=5304, stack(0x000000a901500000,0x000000a901600000)]
  0x0000025b59fcae40 JavaThread "Daemon client event forwarder" [_thread_blocked, id=5232, stack(0x000000a901600000,0x000000a901700000)]
  0x0000025b59fcb350 JavaThread "Cache worker for journal cache (C:\Users\NEVADA\.gradle\caches\journal-1)" [_thread_blocked, id=10576, stack(0x000000a900e00000,0x000000a900f00000)]
  0x0000025b59fc94f0 JavaThread "File lock request listener" [_thread_in_native, id=11388, stack(0x000000a901700000,0x000000a901800000)]
  0x0000025b59fcb860 JavaThread "Cache worker for file hash cache (C:\Users\NEVADA\.gradle\caches\8.0\fileHashes)" [_thread_blocked, id=3728, stack(0x000000a901800000,0x000000a901900000)]
  0x0000025b59fc9f10 JavaThread "File watcher server" daemon [_thread_in_native, id=5572, stack(0x000000a901a00000,0x000000a901b00000)]
  0x0000025b5d3579b0 JavaThread "File watcher consumer" daemon [_thread_blocked, id=488, stack(0x000000a901b00000,0x000000a901c00000)]
  0x0000025b5d35cab0 JavaThread "jar transforms" [_thread_blocked, id=10024, stack(0x000000a901c00000,0x000000a901d00000)]
  0x0000025b5d35ac50 JavaThread "jar transforms Thread 2" [_thread_blocked, id=5476, stack(0x000000a901d00000,0x000000a901e00000)]
  0x0000025b5d357ec0 JavaThread "jar transforms Thread 3" [_thread_blocked, id=2464, stack(0x000000a901e00000,0x000000a901f00000)]
  0x0000025b5d3588e0 JavaThread "jar transforms Thread 4" [_thread_blocked, id=5340, stack(0x000000a901f00000,0x000000a902000000)]
  0x0000025b5d35c090 JavaThread "Cache worker for checksums cache (C:\Users\NEVADA\Documents\PROGRAMACION\ISPC TECNICATURA\Proyecto Final\aplicacionmovil\.gradle\8.0\checksums)" [_thread_blocked, id=9012, stack(0x000000a902000000,0x000000a902100000)]
  0x0000025b5d358df0 JavaThread "Cache worker for cache directory md-rule (C:\Users\NEVADA\.gradle\caches\8.0\md-rule)" [_thread_blocked, id=6384, stack(0x000000a902100000,0x000000a902200000)]
  0x0000025b5d359d20 JavaThread "Cache worker for file content cache (C:\Users\NEVADA\.gradle\caches\8.0\fileContent)" [_thread_blocked, id=10588, stack(0x000000a902200000,0x000000a902300000)]
  0x0000025b5d35a740 JavaThread "Cache worker for file hash cache (C:\Users\NEVADA\Documents\PROGRAMACION\ISPC TECNICATURA\Proyecto Final\aplicacionmovil\.gradle\8.0\fileHashes)" [_thread_blocked, id=5868, stack(0x000000a902300000,0x000000a902400000)]
  0x0000025b5d3583d0 JavaThread "Cache worker for cache directory md-supplier (C:\Users\NEVADA\.gradle\caches\8.0\md-supplier)" [_thread_blocked, id=11500, stack(0x000000a902400000,0x000000a902500000)]
  0x0000025b5d35c5a0 JavaThread "Cache worker for execution history cache (C:\Users\NEVADA\.gradle\caches\8.0\executionHistory)" [_thread_blocked, id=11520, stack(0x000000a902500000,0x000000a902600000)]
  0x0000025b5d35b160 JavaThread "Cache worker for kotlin-dsl (C:\Users\NEVADA\.gradle\caches\8.0\kotlin-dsl)" [_thread_blocked, id=7444, stack(0x000000a902600000,0x000000a902700000)]
  0x0000025b5d35b670 JavaThread "Cache worker for dependencies-accessors (C:\Users\NEVADA\Documents\PROGRAMACION\ISPC TECNICATURA\Proyecto Final\aplicacionmovil\.gradle\8.0\dependencies-accessors)" [_thread_blocked, id=5932, stack(0x000000a902700000,0x000000a902800000)]
  0x0000025b5d35cfc0 JavaThread "Cache worker for Build Output Cleanup Cache (C:\Users\NEVADA\Documents\PROGRAMACION\ISPC TECNICATURA\Proyecto Final\aplicacionmovil\.gradle\buildOutputCleanup)" [_thread_blocked, id=5008, stack(0x000000a902800000,0x000000a902900000)]
  0x0000025b5d355b50 JavaThread "Unconstrained build operations" [_thread_blocked, id=6064, stack(0x000000a902900000,0x000000a902a00000)]
  0x0000025b5d356570 JavaThread "Unconstrained build operations Thread 2" [_thread_blocked, id=8524, stack(0x000000a902a00000,0x000000a902b00000)]
  0x0000025b5d356a80 JavaThread "Unconstrained build operations Thread 3" [_thread_blocked, id=5336, stack(0x000000a902b00000,0x000000a902c00000)]
  0x0000025b5d3574a0 JavaThread "Unconstrained build operations Thread 4" [_thread_blocked, id=10560, stack(0x000000a902c00000,0x000000a902d00000)]
  0x0000025b59845a90 JavaThread "Unconstrained build operations Thread 5" [_thread_blocked, id=3948, stack(0x000000a902d00000,0x000000a902e00000)]
  0x0000025b59849750 JavaThread "Unconstrained build operations Thread 6" [_thread_blocked, id=1376, stack(0x000000a902e00000,0x000000a902f00000)]
  0x0000025b5984ab90 JavaThread "Unconstrained build operations Thread 7" [_thread_blocked, id=7844, stack(0x000000a902f00000,0x000000a903000000)]
  0x0000025b59848310 JavaThread "Unconstrained build operations Thread 8" [_thread_blocked, id=10776, stack(0x000000a903000000,0x000000a903100000)]
  0x0000025b59849240 JavaThread "Unconstrained build operations Thread 9" [_thread_blocked, id=740, stack(0x000000a903100000,0x000000a903200000)]
  0x0000025b5984b5b0 JavaThread "Unconstrained build operations Thread 10" [_thread_blocked, id=8320, stack(0x000000a903200000,0x000000a903300000)]
  0x0000025b59845fa0 JavaThread "Unconstrained build operations Thread 11" [_thread_blocked, id=9060, stack(0x000000a903300000,0x000000a903400000)]
  0x0000025b59849c60 JavaThread "Unconstrained build operations Thread 12" [_thread_blocked, id=4992, stack(0x000000a903400000,0x000000a903500000)]
  0x0000025b59848820 JavaThread "Unconstrained build operations Thread 13" [_thread_blocked, id=4836, stack(0x000000a903500000,0x000000a903600000)]
  0x0000025b5984cf00 JavaThread "Unconstrained build operations Thread 14" [_thread_blocked, id=5296, stack(0x000000a903600000,0x000000a903700000)]
  0x0000025b598464b0 JavaThread "Unconstrained build operations Thread 15" [_thread_blocked, id=6452, stack(0x000000a903700000,0x000000a903800000)]
  0x0000025b598469c0 JavaThread "Unconstrained build operations Thread 16" [_thread_blocked, id=7888, stack(0x000000a903800000,0x000000a903900000)]
  0x0000025b5984b0a0 JavaThread "Unconstrained build operations Thread 17" [_thread_blocked, id=9368, stack(0x000000a903900000,0x000000a903a00000)]
  0x0000025b5984a170 JavaThread "Unconstrained build operations Thread 18" [_thread_blocked, id=1396, stack(0x000000a903a00000,0x000000a903b00000)]
  0x0000025b5984a680 JavaThread "Unconstrained build operations Thread 19" [_thread_blocked, id=2024, stack(0x000000a903b00000,0x000000a903c00000)]
  0x0000025b5984bac0 JavaThread "Unconstrained build operations Thread 20" [_thread_blocked, id=11572, stack(0x000000a903c00000,0x000000a903d00000)]
  0x0000025b5984bfd0 JavaThread "Unconstrained build operations Thread 21" [_thread_blocked, id=1132, stack(0x000000a903d00000,0x000000a903e00000)]
  0x0000025b5984c4e0 JavaThread "Unconstrained build operations Thread 22" [_thread_blocked, id=4508, stack(0x000000a903e00000,0x000000a903f00000)]
  0x0000025b59848d30 JavaThread "Unconstrained build operations Thread 23" [_thread_blocked, id=11988, stack(0x000000a903f00000,0x000000a904000000)]
  0x0000025b5984d410 JavaThread "Unconstrained build operations Thread 24" [_thread_blocked, id=5040, stack(0x000000a904000000,0x000000a904100000)]
  0x0000025b59846ed0 JavaThread "Unconstrained build operations Thread 25" [_thread_blocked, id=10540, stack(0x000000a904100000,0x000000a904200000)]
  0x0000025b598478f0 JavaThread "Unconstrained build operations Thread 26" [_thread_blocked, id=11400, stack(0x000000a904200000,0x000000a904300000)]
  0x0000025b598473e0 JavaThread "Unconstrained build operations Thread 27" [_thread_blocked, id=6440, stack(0x000000a904300000,0x000000a904400000)]
  0x0000025b59847e00 JavaThread "Unconstrained build operations Thread 28" [_thread_blocked, id=3700, stack(0x000000a904400000,0x000000a904500000)]
  0x0000025b5b98c5d0 JavaThread "Unconstrained build operations Thread 29" [_thread_blocked, id=4108, stack(0x000000a904500000,0x000000a904600000)]
  0x0000025b5b986ab0 JavaThread "Unconstrained build operations Thread 30" [_thread_blocked, id=10036, stack(0x000000a904600000,0x000000a904700000)]
  0x0000025b5b98cff0 JavaThread "Unconstrained build operations Thread 31" [_thread_blocked, id=5660, stack(0x000000a904700000,0x000000a904800000)]
  0x0000025b5b98b6a0 JavaThread "Unconstrained build operations Thread 32" [_thread_blocked, id=9812, stack(0x000000a904800000,0x000000a904900000)]
  0x0000025b5b98d500 JavaThread "Unconstrained build operations Thread 33" [_thread_blocked, id=10904, stack(0x000000a904900000,0x000000a904a00000)]
  0x0000025b5b9874d0 JavaThread "Unconstrained build operations Thread 34" [_thread_blocked, id=7388, stack(0x000000a904a00000,0x000000a904b00000)]
  0x0000025b5b98a260 JavaThread "Unconstrained build operations Thread 35" [_thread_blocked, id=1140, stack(0x000000a904b00000,0x000000a904c00000)]
  0x0000025b5b987ef0 JavaThread "Unconstrained build operations Thread 36" [_thread_blocked, id=6436, stack(0x000000a904c00000,0x000000a904d00000)]
  0x0000025b5b986fc0 JavaThread "Unconstrained build operations Thread 37" [_thread_blocked, id=7940, stack(0x000000a904d00000,0x000000a904e00000)]
  0x0000025b5b9879e0 JavaThread "Unconstrained build operations Thread 38" [_thread_blocked, id=10676, stack(0x000000a904e00000,0x000000a904f00000)]
  0x0000025b5b98cae0 JavaThread "Unconstrained build operations Thread 39" [_thread_blocked, id=2308, stack(0x000000a904f00000,0x000000a905000000)]
  0x0000025b5b98e430 JavaThread "Unconstrained build operations Thread 40" [_thread_blocked, id=7424, stack(0x000000a905000000,0x000000a905100000)]
  0x0000025b5b988400 JavaThread "Memory manager" [_thread_blocked, id=4072, stack(0x000000a905100000,0x000000a905200000)]

Other Threads:
  0x0000025b54bf6240 VMThread "VM Thread" [stack: 0x000000a97fc00000,0x000000a97fd00000] [id=4568]
  0x0000025b5916c2d0 WatcherThread [stack: 0x000000a900800000,0x000000a900900000] [id=9924]
  0x0000025b397394a0 GCTaskThread "GC Thread#0" [stack: 0x000000a97f700000,0x000000a97f800000] [id=3944]
  0x0000025b5932ce90 GCTaskThread "GC Thread#1" [stack: 0x000000a900a00000,0x000000a900b00000] [id=10552]
  0x0000025b59bf7d10 GCTaskThread "GC Thread#2" [stack: 0x000000a900b00000,0x000000a900c00000] [id=9568]
  0x0000025b593a0930 GCTaskThread "GC Thread#3" [stack: 0x000000a900c00000,0x000000a900d00000] [id=128]
  0x0000025b3974aaa0 ConcurrentGCThread "G1 Main Marker" [stack: 0x000000a97f800000,0x000000a97f900000] [id=12156]
  0x0000025b3974b3d0 ConcurrentGCThread "G1 Conc#0" [stack: 0x000000a97f900000,0x000000a97fa00000] [id=1388]
  0x0000025b3979bc30 ConcurrentGCThread "G1 Refine#0" [stack: 0x000000a97fa00000,0x000000a97fb00000] [id=3368]
  0x0000025b3979c570 ConcurrentGCThread "G1 Service" [stack: 0x000000a97fb00000,0x000000a97fc00000] [id=11804]

Threads with active compile tasks:
C2 CompilerThread0    44238 8553       4       java.lang.PublicMethods::merge (81 bytes)

VM state: not at safepoint (normal execution)

VM Mutex/Monitor currently owned by a thread: None

Heap address: 0x0000000080000000, size: 2048 MB, Compressed Oops mode: 32-bit

CDS archive(s) not mapped
Compressed class space mapped at: 0x0000000100000000-0x0000000140000000, reserved size: 1073741824
Narrow klass base: 0x0000000000000000, Narrow klass shift: 3, Narrow klass range: 0x140000000

GC Precious Log:
 CPUs: 4 total, 4 available
 Memory: 3955M
 Large Page Support: Disabled
 NUMA Support: Disabled
 Compressed Oops: Enabled (32-bit)
 Heap Region Size: 1M
 Heap Min Capacity: 8M
 Heap Initial Capacity: 62M
 Heap Max Capacity: 2G
 Pre-touch: Disabled
 Parallel Workers: 4
 Concurrent Workers: 1
 Concurrent Refinement Workers: 4
 Periodic GC: Disabled

Heap:
 garbage-first heap   total 250880K, used 131853K [0x0000000080000000, 0x0000000100000000)
  region size 1024K, 21 young (21504K), 12 survivors (12288K)
 Metaspace       used 95731K, committed 96448K, reserved 1179648K
  class space    used 12954K, committed 13312K, reserved 1048576K

Heap Regions: E=young(eden), S=young(survivor), O=old, HS=humongous(starts), HC=humongous(continues), CS=collection set, F=free, OA=open archive, CA=closed archive, TAMS=top-at-mark-start (previous, next)
|   0|0x0000000080000000, 0x0000000080100000, 0x0000000080100000|100%| O|  |TAMS 0x0000000080100000, 0x0000000080000000| Untracked 
|   1|0x0000000080100000, 0x0000000080200000, 0x0000000080200000|100%| O|  |TAMS 0x0000000080200000, 0x0000000080100000| Untracked 
|   2|0x0000000080200000, 0x0000000080300000, 0x0000000080300000|100%|HS|  |TAMS 0x0000000080300000, 0x0000000080200000| Complete 
|   3|0x0000000080300000, 0x0000000080400000, 0x0000000080400000|100%|HC|  |TAMS 0x0000000080400000, 0x0000000080300000| Complete 
|   4|0x0000000080400000, 0x0000000080500000, 0x0000000080500000|100%|HC|  |TAMS 0x0000000080500000, 0x0000000080400000| Complete 
|   5|0x0000000080500000, 0x0000000080600000, 0x0000000080600000|100%|HC|  |TAMS 0x0000000080600000, 0x0000000080500000| Complete 
|   6|0x0000000080600000, 0x0000000080700000, 0x0000000080700000|100%| O|  |TAMS 0x0000000080700000, 0x0000000080600000| Untracked 
|   7|0x0000000080700000, 0x0000000080800000, 0x0000000080800000|100%| O|  |TAMS 0x0000000080800000, 0x0000000080700000| Untracked 
|   8|0x0000000080800000, 0x0000000080900000, 0x0000000080900000|100%| O|  |TAMS 0x0000000080900000, 0x0000000080800000| Untracked 
|   9|0x0000000080900000, 0x0000000080a00000, 0x0000000080a00000|100%| O|  |TAMS 0x0000000080a00000, 0x0000000080900000| Untracked 
|  10|0x0000000080a00000, 0x0000000080b00000, 0x0000000080b00000|100%| O|  |TAMS 0x0000000080b00000, 0x0000000080a00000| Untracked 
|  11|0x0000000080b00000, 0x0000000080c00000, 0x0000000080c00000|100%| O|  |TAMS 0x0000000080c00000, 0x0000000080b00000| Untracked 
|  12|0x0000000080c00000, 0x0000000080d00000, 0x0000000080d00000|100%| O|  |TAMS 0x0000000080d00000, 0x0000000080c00000| Untracked 
|  13|0x0000000080d00000, 0x0000000080e00000, 0x0000000080e00000|100%| O|  |TAMS 0x0000000080e00000, 0x0000000080d00000| Untracked 
|  14|0x0000000080e00000, 0x0000000080f00000, 0x0000000080f00000|100%| O|  |TAMS 0x0000000080f00000, 0x0000000080e00000| Untracked 
|  15|0x0000000080f00000, 0x0000000081000000, 0x0000000081000000|100%| O|  |TAMS 0x0000000081000000, 0x0000000080f00000| Untracked 
|  16|0x0000000081000000, 0x0000000081100000, 0x0000000081100000|100%| O|  |TAMS 0x0000000081100000, 0x0000000081000000| Untracked 
|  17|0x0000000081100000, 0x0000000081200000, 0x0000000081200000|100%| O|  |TAMS 0x0000000081200000, 0x0000000081100000| Untracked 
|  18|0x0000000081200000, 0x0000000081300000, 0x0000000081300000|100%| O|  |TAMS 0x0000000081300000, 0x0000000081200000| Untracked 
|  19|0x0000000081300000, 0x0000000081400000, 0x0000000081400000|100%|HS|  |TAMS 0x0000000081400000, 0x0000000081300000| Complete 
|  20|0x0000000081400000, 0x0000000081500000, 0x0000000081500000|100%|HC|  |TAMS 0x0000000081500000, 0x0000000081400000| Complete 
|  21|0x0000000081500000, 0x0000000081600000, 0x0000000081600000|100%|HS|  |TAMS 0x0000000081600000, 0x0000000081500000| Complete 
|  22|0x0000000081600000, 0x0000000081700000, 0x0000000081700000|100%|HC|  |TAMS 0x0000000081700000, 0x0000000081600000| Complete 
|  23|0x0000000081700000, 0x0000000081800000, 0x0000000081800000|100%|HC|  |TAMS 0x0000000081800000, 0x0000000081700000| Complete 
|  24|0x0000000081800000, 0x0000000081900000, 0x0000000081900000|100%|HS|  |TAMS 0x0000000081900000, 0x0000000081800000| Complete 
|  25|0x0000000081900000, 0x0000000081a00000, 0x0000000081a00000|100%|HC|  |TAMS 0x0000000081a00000, 0x0000000081900000| Complete 
|  26|0x0000000081a00000, 0x0000000081b00000, 0x0000000081b00000|100%|HC|  |TAMS 0x0000000081b00000, 0x0000000081a00000| Complete 
|  27|0x0000000081b00000, 0x0000000081c00000, 0x0000000081c00000|100%| O|  |TAMS 0x0000000081c00000, 0x0000000081b00000| Untracked 
|  28|0x0000000081c00000, 0x0000000081d00000, 0x0000000081d00000|100%| O|  |TAMS 0x0000000081d00000, 0x0000000081c00000| Untracked 
|  29|0x0000000081d00000, 0x0000000081e00000, 0x0000000081e00000|100%|HS|  |TAMS 0x0000000081e00000, 0x0000000081d00000| Complete 
|  30|0x0000000081e00000, 0x0000000081f00000, 0x0000000081f00000|100%|HC|  |TAMS 0x0000000081f00000, 0x0000000081e00000| Complete 
|  31|0x0000000081f00000, 0x0000000082000000, 0x0000000082000000|100%|HC|  |TAMS 0x0000000082000000, 0x0000000081f00000| Complete 
|  32|0x0000000082000000, 0x0000000082100000, 0x0000000082100000|100%| O|  |TAMS 0x0000000082100000, 0x0000000082000000| Untracked 
|  33|0x0000000082100000, 0x0000000082200000, 0x0000000082200000|100%| O|  |TAMS 0x0000000082200000, 0x0000000082100000| Untracked 
|  34|0x0000000082200000, 0x0000000082300000, 0x0000000082300000|100%| O|  |TAMS 0x0000000082300000, 0x0000000082200000| Untracked 
|  35|0x0000000082300000, 0x0000000082400000, 0x0000000082400000|100%| O|  |TAMS 0x0000000082300000, 0x0000000082300000| Untracked 
|  36|0x0000000082400000, 0x0000000082500000, 0x0000000082500000|100%| O|  |TAMS 0x0000000082500000, 0x0000000082400000| Untracked 
|  37|0x0000000082500000, 0x0000000082600000, 0x0000000082600000|100%| O|  |TAMS 0x0000000082600000, 0x0000000082500000| Untracked 
|  38|0x0000000082600000, 0x0000000082700000, 0x0000000082700000|100%|HS|  |TAMS 0x0000000082700000, 0x0000000082600000| Complete 
|  39|0x0000000082700000, 0x0000000082800000, 0x0000000082800000|100%| O|  |TAMS 0x0000000082800000, 0x0000000082700000| Untracked 
|  40|0x0000000082800000, 0x0000000082900000, 0x0000000082900000|100%| O|  |TAMS 0x0000000082900000, 0x0000000082800000| Untracked 
|  41|0x0000000082900000, 0x0000000082a00000, 0x0000000082a00000|100%| O|  |TAMS 0x0000000082a00000, 0x0000000082900000| Untracked 
|  42|0x0000000082a00000, 0x0000000082b00000, 0x0000000082b00000|100%| O|  |TAMS 0x0000000082b00000, 0x0000000082a00000| Untracked 
|  43|0x0000000082b00000, 0x0000000082c00000, 0x0000000082c00000|100%| O|  |TAMS 0x0000000082c00000, 0x0000000082b00000| Untracked 
|  44|0x0000000082c00000, 0x0000000082d00000, 0x0000000082d00000|100%|HS|  |TAMS 0x0000000082d00000, 0x0000000082c00000| Complete 
|  45|0x0000000082d00000, 0x0000000082e00000, 0x0000000082e00000|100%|HC|  |TAMS 0x0000000082e00000, 0x0000000082d00000| Complete 
|  46|0x0000000082e00000, 0x0000000082f00000, 0x0000000082f00000|100%|HC|  |TAMS 0x0000000082f00000, 0x0000000082e00000| Complete 
|  47|0x0000000082f00000, 0x0000000083000000, 0x0000000083000000|100%| O|  |TAMS 0x0000000082f00000, 0x0000000082f00000| Untracked 
|  48|0x0000000083000000, 0x0000000083100000, 0x0000000083100000|100%|HS|  |TAMS 0x0000000083100000, 0x0000000083000000| Complete 
|  49|0x0000000083100000, 0x0000000083200000, 0x0000000083200000|100%|HC|  |TAMS 0x0000000083200000, 0x0000000083100000| Complete 
|  50|0x0000000083200000, 0x0000000083300000, 0x0000000083300000|100%|HC|  |TAMS 0x0000000083300000, 0x0000000083200000| Complete 
|  51|0x0000000083300000, 0x0000000083400000, 0x0000000083400000|100%|HC|  |TAMS 0x0000000083400000, 0x0000000083300000| Complete 
|  52|0x0000000083400000, 0x0000000083500000, 0x0000000083500000|100%| O|  |TAMS 0x0000000083500000, 0x0000000083400000| Untracked 
|  53|0x0000000083500000, 0x0000000083600000, 0x0000000083600000|100%| O|  |TAMS 0x0000000083600000, 0x0000000083500000| Untracked 
|  54|0x0000000083600000, 0x0000000083700000, 0x0000000083700000|100%| O|  |TAMS 0x0000000083700000, 0x0000000083600000| Untracked 
|  55|0x0000000083700000, 0x0000000083800000, 0x0000000083800000|100%| O|  |TAMS 0x0000000083800000, 0x0000000083700000| Untracked 
|  56|0x0000000083800000, 0x0000000083900000, 0x0000000083900000|100%| O|  |TAMS 0x0000000083900000, 0x0000000083800000| Untracked 
|  57|0x0000000083900000, 0x0000000083a00000, 0x0000000083a00000|100%| O|  |TAMS 0x0000000083a00000, 0x0000000083900000| Untracked 
|  58|0x0000000083a00000, 0x0000000083b00000, 0x0000000083b00000|100%| O|  |TAMS 0x0000000083b00000, 0x0000000083a00000| Untracked 
|  59|0x0000000083b00000, 0x0000000083c00000, 0x0000000083c00000|100%| O|  |TAMS 0x0000000083c00000, 0x0000000083b00000| Untracked 
|  60|0x0000000083c00000, 0x0000000083d00000, 0x0000000083d00000|100%| O|  |TAMS 0x0000000083d00000, 0x0000000083c00000| Untracked 
|  61|0x0000000083d00000, 0x0000000083e00000, 0x0000000083e00000|100%| O|  |TAMS 0x0000000083e00000, 0x0000000083d00000| Untracked 
|  62|0x0000000083e00000, 0x0000000083f00000, 0x0000000083f00000|100%| O|  |TAMS 0x0000000083e00000, 0x0000000083e00000| Untracked 
|  63|0x0000000083f00000, 0x0000000084000000, 0x0000000084000000|100%|HS|  |TAMS 0x0000000084000000, 0x0000000083f00000| Complete 
|  64|0x0000000084000000, 0x0000000084100000, 0x0000000084100000|100%|HS|  |TAMS 0x0000000084100000, 0x0000000084000000| Complete 
|  65|0x0000000084100000, 0x0000000084200000, 0x0000000084200000|100%| O|  |TAMS 0x0000000084200000, 0x0000000084100000| Untracked 
|  66|0x0000000084200000, 0x0000000084300000, 0x0000000084300000|100%| O|  |TAMS 0x0000000084200000, 0x0000000084200000| Untracked 
|  67|0x0000000084300000, 0x0000000084400000, 0x0000000084400000|100%| O|  |TAMS 0x0000000084400000, 0x0000000084300000| Untracked 
|  68|0x0000000084400000, 0x0000000084500000, 0x0000000084500000|100%| O|  |TAMS 0x0000000084500000, 0x0000000084400000| Untracked 
|  69|0x0000000084500000, 0x0000000084600000, 0x0000000084600000|100%| O|  |TAMS 0x0000000084600000, 0x0000000084500000| Untracked 
|  70|0x0000000084600000, 0x0000000084700000, 0x0000000084700000|100%| O|  |TAMS 0x0000000084700000, 0x0000000084600000| Untracked 
|  71|0x0000000084700000, 0x0000000084800000, 0x0000000084800000|100%| O|  |TAMS 0x0000000084800000, 0x0000000084700000| Untracked 
|  72|0x0000000084800000, 0x0000000084900000, 0x0000000084900000|100%| O|  |TAMS 0x0000000084900000, 0x0000000084800000| Untracked 
|  73|0x0000000084900000, 0x0000000084a00000, 0x0000000084a00000|100%| O|  |TAMS 0x0000000084a00000, 0x0000000084900000| Untracked 
|  74|0x0000000084a00000, 0x0000000084b00000, 0x0000000084b00000|100%| O|  |TAMS 0x0000000084b00000, 0x0000000084a00000| Untracked 
|  75|0x0000000084b00000, 0x0000000084c00000, 0x0000000084c00000|100%| O|  |TAMS 0x0000000084c00000, 0x0000000084b00000| Untracked 
|  76|0x0000000084c00000, 0x0000000084d00000, 0x0000000084d00000|100%| O|  |TAMS 0x0000000084d00000, 0x0000000084c00000| Untracked 
|  77|0x0000000084d00000, 0x0000000084e00000, 0x0000000084e00000|100%| O|  |TAMS 0x0000000084e00000, 0x0000000084d00000| Untracked 
|  78|0x0000000084e00000, 0x0000000084f00000, 0x0000000084f00000|100%| O|  |TAMS 0x0000000084f00000, 0x0000000084e00000| Untracked 
|  79|0x0000000084f00000, 0x0000000085000000, 0x0000000085000000|100%| O|  |TAMS 0x0000000084f8d800, 0x0000000084f00000| Untracked 
|  80|0x0000000085000000, 0x0000000085100000, 0x0000000085100000|100%| O|  |TAMS 0x0000000085100000, 0x0000000085000000| Untracked 
|  81|0x0000000085100000, 0x0000000085200000, 0x0000000085200000|100%| O|  |TAMS 0x0000000085200000, 0x0000000085100000| Untracked 
|  82|0x0000000085200000, 0x0000000085300000, 0x0000000085300000|100%|HS|  |TAMS 0x0000000085200000, 0x0000000085200000| Complete 
|  83|0x0000000085300000, 0x0000000085400000, 0x0000000085400000|100%|HC|  |TAMS 0x0000000085300000, 0x0000000085300000| Complete 
|  84|0x0000000085400000, 0x0000000085500000, 0x0000000085500000|100%|HC|  |TAMS 0x0000000085400000, 0x0000000085400000| Complete 
|  85|0x0000000085500000, 0x0000000085600000, 0x0000000085600000|100%|HC|  |TAMS 0x0000000085500000, 0x0000000085500000| Complete 
|  86|0x0000000085600000, 0x0000000085600000, 0x0000000085700000|  0%| F|  |TAMS 0x0000000085600000, 0x0000000085600000| Untracked 
|  87|0x0000000085700000, 0x0000000085700000, 0x0000000085800000|  0%| F|  |TAMS 0x0000000085700000, 0x0000000085700000| Untracked 
|  88|0x0000000085800000, 0x0000000085800000, 0x0000000085900000|  0%| F|  |TAMS 0x0000000085800000, 0x0000000085800000| Untracked 
|  89|0x0000000085900000, 0x0000000085900000, 0x0000000085a00000|  0%| F|  |TAMS 0x0000000085900000, 0x0000000085900000| Untracked 
|  90|0x0000000085a00000, 0x0000000085a00000, 0x0000000085b00000|  0%| F|  |TAMS 0x0000000085a00000, 0x0000000085a00000| Untracked 
|  91|0x0000000085b00000, 0x0000000085b00000, 0x0000000085c00000|  0%| F|  |TAMS 0x0000000085b00000, 0x0000000085b00000| Untracked 
|  92|0x0000000085c00000, 0x0000000085d00000, 0x0000000085d00000|100%| O|  |TAMS 0x0000000085c00000, 0x0000000085c00000| Untracked 
|  93|0x0000000085d00000, 0x0000000085e00000, 0x0000000085e00000|100%| O|  |TAMS 0x0000000085d00000, 0x0000000085d00000| Untracked 
|  94|0x0000000085e00000, 0x0000000085f00000, 0x0000000085f00000|100%| O|  |TAMS 0x0000000085e00000, 0x0000000085e00000| Untracked 
|  95|0x0000000085f00000, 0x0000000086000000, 0x0000000086000000|100%| O|  |TAMS 0x0000000085f00000, 0x0000000085f00000| Untracked 
|  96|0x0000000086000000, 0x0000000086100000, 0x0000000086100000|100%| O|  |TAMS 0x0000000086000000, 0x0000000086000000| Untracked 
|  97|0x0000000086100000, 0x0000000086200000, 0x0000000086200000|100%| O|  |TAMS 0x0000000086100000, 0x0000000086100000| Untracked 
|  98|0x0000000086200000, 0x0000000086300000, 0x0000000086300000|100%| O|  |TAMS 0x0000000086200000, 0x0000000086200000| Untracked 
|  99|0x0000000086300000, 0x0000000086400000, 0x0000000086400000|100%| O|  |TAMS 0x0000000086300000, 0x0000000086300000| Untracked 
| 100|0x0000000086400000, 0x0000000086500000, 0x0000000086500000|100%| O|  |TAMS 0x0000000086400000, 0x0000000086400000| Untracked 
| 101|0x0000000086500000, 0x0000000086600000, 0x0000000086600000|100%| O|  |TAMS 0x0000000086500000, 0x0000000086500000| Untracked 
| 102|0x0000000086600000, 0x0000000086700000, 0x0000000086700000|100%|HS|  |TAMS 0x0000000086600000, 0x0000000086600000| Complete 
| 103|0x0000000086700000, 0x0000000086800000, 0x0000000086800000|100%|HC|  |TAMS 0x0000000086700000, 0x0000000086700000| Complete 
| 104|0x0000000086800000, 0x0000000086900000, 0x0000000086900000|100%|HC|  |TAMS 0x0000000086800000, 0x0000000086800000| Complete 
| 105|0x0000000086900000, 0x0000000086a00000, 0x0000000086a00000|100%|HC|  |TAMS 0x0000000086900000, 0x0000000086900000| Complete 
| 106|0x0000000086a00000, 0x0000000086b00000, 0x0000000086b00000|100%|HC|  |TAMS 0x0000000086a00000, 0x0000000086a00000| Complete 
| 107|0x0000000086b00000, 0x0000000086c00000, 0x0000000086c00000|100%|HC|  |TAMS 0x0000000086b00000, 0x0000000086b00000| Complete 
| 108|0x0000000086c00000, 0x0000000086d00000, 0x0000000086d00000|100%| O|  |TAMS 0x0000000086c00000, 0x0000000086c00000| Untracked 
| 109|0x0000000086d00000, 0x0000000086e00000, 0x0000000086e00000|100%| O|  |TAMS 0x0000000086d00000, 0x0000000086d00000| Untracked 
| 110|0x0000000086e00000, 0x0000000086f00000, 0x0000000086f00000|100%| O|  |TAMS 0x0000000086e00000, 0x0000000086e00000| Untracked 
| 111|0x0000000086f00000, 0x0000000087000000, 0x0000000087000000|100%| O|  |TAMS 0x0000000086f00000, 0x0000000086f00000| Untracked 
| 112|0x0000000087000000, 0x0000000087100000, 0x0000000087100000|100%| O|  |TAMS 0x0000000087000000, 0x0000000087000000| Untracked 
| 113|0x0000000087100000, 0x0000000087200000, 0x0000000087200000|100%| O|  |TAMS 0x0000000087100000, 0x0000000087100000| Untracked 
| 114|0x0000000087200000, 0x00000000872c3400, 0x0000000087300000| 76%| O|  |TAMS 0x0000000087200000, 0x0000000087200000| Untracked 
| 115|0x0000000087300000, 0x0000000087300000, 0x0000000087400000|  0%| F|  |TAMS 0x0000000087300000, 0x0000000087300000| Untracked 
| 116|0x0000000087400000, 0x0000000087400000, 0x0000000087500000|  0%| F|  |TAMS 0x0000000087400000, 0x0000000087400000| Untracked 
| 117|0x0000000087500000, 0x0000000087500000, 0x0000000087600000|  0%| F|  |TAMS 0x0000000087500000, 0x0000000087500000| Untracked 
| 118|0x0000000087600000, 0x0000000087600000, 0x0000000087700000|  0%| F|  |TAMS 0x0000000087600000, 0x0000000087600000| Untracked 
| 119|0x0000000087700000, 0x0000000087700000, 0x0000000087800000|  0%| F|  |TAMS 0x0000000087700000, 0x0000000087700000| Untracked 
| 120|0x0000000087800000, 0x0000000087800000, 0x0000000087900000|  0%| F|  |TAMS 0x0000000087800000, 0x0000000087800000| Untracked 
| 121|0x0000000087900000, 0x0000000087900000, 0x0000000087a00000|  0%| F|  |TAMS 0x0000000087900000, 0x0000000087900000| Untracked 
| 122|0x0000000087a00000, 0x0000000087a00000, 0x0000000087b00000|  0%| F|  |TAMS 0x0000000087a00000, 0x0000000087a00000| Untracked 
| 123|0x0000000087b00000, 0x0000000087b00000, 0x0000000087c00000|  0%| F|  |TAMS 0x0000000087b00000, 0x0000000087b00000| Untracked 
| 124|0x0000000087c00000, 0x0000000087c00000, 0x0000000087d00000|  0%| F|  |TAMS 0x0000000087c00000, 0x0000000087c00000| Untracked 
| 125|0x0000000087d00000, 0x0000000087d00000, 0x0000000087e00000|  0%| F|  |TAMS 0x0000000087d00000, 0x0000000087d00000| Untracked 
| 126|0x0000000087e00000, 0x0000000087e00000, 0x0000000087f00000|  0%| F|  |TAMS 0x0000000087e00000, 0x0000000087e00000| Untracked 
| 127|0x0000000087f00000, 0x0000000087f00000, 0x0000000088000000|  0%| F|  |TAMS 0x0000000087f00000, 0x0000000087f00000| Untracked 
| 128|0x0000000088000000, 0x0000000088000000, 0x0000000088100000|  0%| F|  |TAMS 0x0000000088000000, 0x0000000088000000| Untracked 
| 129|0x0000000088100000, 0x0000000088100000, 0x0000000088200000|  0%| F|  |TAMS 0x0000000088100000, 0x0000000088100000| Untracked 
| 130|0x0000000088200000, 0x0000000088200000, 0x0000000088300000|  0%| F|  |TAMS 0x0000000088200000, 0x0000000088200000| Untracked 
| 131|0x0000000088300000, 0x0000000088300000, 0x0000000088400000|  0%| F|  |TAMS 0x0000000088300000, 0x0000000088300000| Untracked 
| 132|0x0000000088400000, 0x0000000088400000, 0x0000000088500000|  0%| F|  |TAMS 0x0000000088400000, 0x0000000088400000| Untracked 
| 133|0x0000000088500000, 0x0000000088500000, 0x0000000088600000|  0%| F|  |TAMS 0x0000000088500000, 0x0000000088500000| Untracked 
| 134|0x0000000088600000, 0x0000000088600000, 0x0000000088700000|  0%| F|  |TAMS 0x0000000088600000, 0x0000000088600000| Untracked 
| 135|0x0000000088700000, 0x0000000088700000, 0x0000000088800000|  0%| F|  |TAMS 0x0000000088700000, 0x0000000088700000| Untracked 
| 136|0x0000000088800000, 0x0000000088800000, 0x0000000088900000|  0%| F|  |TAMS 0x0000000088800000, 0x0000000088800000| Untracked 
| 137|0x0000000088900000, 0x0000000088900000, 0x0000000088a00000|  0%| F|  |TAMS 0x0000000088900000, 0x0000000088900000| Untracked 
| 138|0x0000000088a00000, 0x0000000088b00000, 0x0000000088b00000|100%| S|CS|TAMS 0x0000000088a00000, 0x0000000088a00000| Complete 
| 139|0x0000000088b00000, 0x0000000088c00000, 0x0000000088c00000|100%| S|CS|TAMS 0x0000000088b00000, 0x0000000088b00000| Complete 
| 140|0x0000000088c00000, 0x0000000088d00000, 0x0000000088d00000|100%| S|CS|TAMS 0x0000000088c00000, 0x0000000088c00000| Complete 
| 141|0x0000000088d00000, 0x0000000088e00000, 0x0000000088e00000|100%| S|CS|TAMS 0x0000000088d00000, 0x0000000088d00000| Complete 
| 142|0x0000000088e00000, 0x0000000088f00000, 0x0000000088f00000|100%| S|CS|TAMS 0x0000000088e00000, 0x0000000088e00000| Complete 
| 143|0x0000000088f00000, 0x0000000089000000, 0x0000000089000000|100%| S|CS|TAMS 0x0000000088f00000, 0x0000000088f00000| Complete 
| 144|0x0000000089000000, 0x0000000089100000, 0x0000000089100000|100%| S|CS|TAMS 0x0000000089000000, 0x0000000089000000| Complete 
| 145|0x0000000089100000, 0x0000000089200000, 0x0000000089200000|100%| S|CS|TAMS 0x0000000089100000, 0x0000000089100000| Complete 
| 146|0x0000000089200000, 0x0000000089300000, 0x0000000089300000|100%| S|CS|TAMS 0x0000000089200000, 0x0000000089200000| Complete 
| 147|0x0000000089300000, 0x0000000089400000, 0x0000000089400000|100%| S|CS|TAMS 0x0000000089300000, 0x0000000089300000| Complete 
| 148|0x0000000089400000, 0x0000000089500000, 0x0000000089500000|100%| S|CS|TAMS 0x0000000089400000, 0x0000000089400000| Complete 
| 149|0x0000000089500000, 0x0000000089600000, 0x0000000089600000|100%| S|CS|TAMS 0x0000000089500000, 0x0000000089500000| Complete 
| 150|0x0000000089600000, 0x0000000089600000, 0x0000000089700000|  0%| F|  |TAMS 0x0000000089600000, 0x0000000089600000| Untracked 
| 151|0x0000000089700000, 0x0000000089700000, 0x0000000089800000|  0%| F|  |TAMS 0x0000000089700000, 0x0000000089700000| Untracked 
| 152|0x0000000089800000, 0x0000000089800000, 0x0000000089900000|  0%| F|  |TAMS 0x0000000089800000, 0x0000000089800000| Untracked 
| 153|0x0000000089900000, 0x0000000089900000, 0x0000000089a00000|  0%| F|  |TAMS 0x0000000089900000, 0x0000000089900000| Untracked 
| 154|0x0000000089a00000, 0x0000000089a00000, 0x0000000089b00000|  0%| F|  |TAMS 0x0000000089a00000, 0x0000000089a00000| Untracked 
| 155|0x0000000089b00000, 0x0000000089b00000, 0x0000000089c00000|  0%| F|  |TAMS 0x0000000089b00000, 0x0000000089b00000| Untracked 
| 156|0x0000000089c00000, 0x0000000089c00000, 0x0000000089d00000|  0%| F|  |TAMS 0x0000000089c00000, 0x0000000089c00000| Untracked 
| 157|0x0000000089d00000, 0x0000000089d00000, 0x0000000089e00000|  0%| F|  |TAMS 0x0000000089d00000, 0x0000000089d00000| Untracked 
| 158|0x0000000089e00000, 0x0000000089e00000, 0x0000000089f00000|  0%| F|  |TAMS 0x0000000089e00000, 0x0000000089e00000| Untracked 
| 159|0x0000000089f00000, 0x0000000089f00000, 0x000000008a000000|  0%| F|  |TAMS 0x0000000089f00000, 0x0000000089f00000| Untracked 
| 160|0x000000008a000000, 0x000000008a000000, 0x000000008a100000|  0%| F|  |TAMS 0x000000008a000000, 0x000000008a000000| Untracked 
| 161|0x000000008a100000, 0x000000008a100000, 0x000000008a200000|  0%| F|  |TAMS 0x000000008a100000, 0x000000008a100000| Untracked 
| 162|0x000000008a200000, 0x000000008a200000, 0x000000008a300000|  0%| F|  |TAMS 0x000000008a200000, 0x000000008a200000| Untracked 
| 163|0x000000008a300000, 0x000000008a300000, 0x000000008a400000|  0%| F|  |TAMS 0x000000008a300000, 0x000000008a300000| Untracked 
| 164|0x000000008a400000, 0x000000008a400000, 0x000000008a500000|  0%| F|  |TAMS 0x000000008a400000, 0x000000008a400000| Untracked 
| 165|0x000000008a500000, 0x000000008a500000, 0x000000008a600000|  0%| F|  |TAMS 0x000000008a500000, 0x000000008a500000| Untracked 
| 166|0x000000008a600000, 0x000000008a600000, 0x000000008a700000|  0%| F|  |TAMS 0x000000008a600000, 0x000000008a600000| Untracked 
| 167|0x000000008a700000, 0x000000008a700000, 0x000000008a800000|  0%| F|  |TAMS 0x000000008a700000, 0x000000008a700000| Untracked 
| 168|0x000000008a800000, 0x000000008a800000, 0x000000008a900000|  0%| F|  |TAMS 0x000000008a800000, 0x000000008a800000| Untracked 
| 169|0x000000008a900000, 0x000000008a900000, 0x000000008aa00000|  0%| F|  |TAMS 0x000000008a900000, 0x000000008a900000| Untracked 
| 170|0x000000008aa00000, 0x000000008aa00000, 0x000000008ab00000|  0%| F|  |TAMS 0x000000008aa00000, 0x000000008aa00000| Untracked 
| 171|0x000000008ab00000, 0x000000008ab00000, 0x000000008ac00000|  0%| F|  |TAMS 0x000000008ab00000, 0x000000008ab00000| Untracked 
| 172|0x000000008ac00000, 0x000000008ac00000, 0x000000008ad00000|  0%| F|  |TAMS 0x000000008ac00000, 0x000000008ac00000| Untracked 
| 173|0x000000008ad00000, 0x000000008ad00000, 0x000000008ae00000|  0%| F|  |TAMS 0x000000008ad00000, 0x000000008ad00000| Untracked 
| 174|0x000000008ae00000, 0x000000008ae00000, 0x000000008af00000|  0%| F|  |TAMS 0x000000008ae00000, 0x000000008ae00000| Untracked 
| 175|0x000000008af00000, 0x000000008af00000, 0x000000008b000000|  0%| F|  |TAMS 0x000000008af00000, 0x000000008af00000| Untracked 
| 176|0x000000008b000000, 0x000000008b000000, 0x000000008b100000|  0%| F|  |TAMS 0x000000008b000000, 0x000000008b000000| Untracked 
| 177|0x000000008b100000, 0x000000008b100000, 0x000000008b200000|  0%| F|  |TAMS 0x000000008b100000, 0x000000008b100000| Untracked 
| 178|0x000000008b200000, 0x000000008b200000, 0x000000008b300000|  0%| F|  |TAMS 0x000000008b200000, 0x000000008b200000| Untracked 
| 179|0x000000008b300000, 0x000000008b300000, 0x000000008b400000|  0%| F|  |TAMS 0x000000008b300000, 0x000000008b300000| Untracked 
| 180|0x000000008b400000, 0x000000008b400000, 0x000000008b500000|  0%| F|  |TAMS 0x000000008b400000, 0x000000008b400000| Untracked 
| 181|0x000000008b500000, 0x000000008b500000, 0x000000008b600000|  0%| F|  |TAMS 0x000000008b500000, 0x000000008b500000| Untracked 
| 182|0x000000008b600000, 0x000000008b600000, 0x000000008b700000|  0%| F|  |TAMS 0x000000008b600000, 0x000000008b600000| Untracked 
| 183|0x000000008b700000, 0x000000008b700000, 0x000000008b800000|  0%| F|  |TAMS 0x000000008b700000, 0x000000008b700000| Untracked 
| 184|0x000000008b800000, 0x000000008b800000, 0x000000008b900000|  0%| F|  |TAMS 0x000000008b800000, 0x000000008b800000| Untracked 
| 185|0x000000008b900000, 0x000000008b900000, 0x000000008ba00000|  0%| F|  |TAMS 0x000000008b900000, 0x000000008b900000| Untracked 
| 186|0x000000008ba00000, 0x000000008ba00000, 0x000000008bb00000|  0%| F|  |TAMS 0x000000008ba00000, 0x000000008ba00000| Untracked 
| 187|0x000000008bb00000, 0x000000008bb00000, 0x000000008bc00000|  0%| F|  |TAMS 0x000000008bb00000, 0x000000008bb00000| Untracked 
| 188|0x000000008bc00000, 0x000000008bc00000, 0x000000008bd00000|  0%| F|  |TAMS 0x000000008bc00000, 0x000000008bc00000| Untracked 
| 189|0x000000008bd00000, 0x000000008bd00000, 0x000000008be00000|  0%| F|  |TAMS 0x000000008bd00000, 0x000000008bd00000| Untracked 
| 190|0x000000008be00000, 0x000000008be00000, 0x000000008bf00000|  0%| F|  |TAMS 0x000000008be00000, 0x000000008be00000| Untracked 
| 191|0x000000008bf00000, 0x000000008bf00000, 0x000000008c000000|  0%| F|  |TAMS 0x000000008bf00000, 0x000000008bf00000| Untracked 
| 192|0x000000008c000000, 0x000000008c000000, 0x000000008c100000|  0%| F|  |TAMS 0x000000008c000000, 0x000000008c000000| Untracked 
| 193|0x000000008c100000, 0x000000008c100000, 0x000000008c200000|  0%| F|  |TAMS 0x000000008c100000, 0x000000008c100000| Untracked 
| 194|0x000000008c200000, 0x000000008c200000, 0x000000008c300000|  0%| F|  |TAMS 0x000000008c200000, 0x000000008c200000| Untracked 
| 195|0x000000008c300000, 0x000000008c300000, 0x000000008c400000|  0%| F|  |TAMS 0x000000008c300000, 0x000000008c300000| Untracked 
| 196|0x000000008c400000, 0x000000008c400000, 0x000000008c500000|  0%| F|  |TAMS 0x000000008c400000, 0x000000008c400000| Untracked 
| 197|0x000000008c500000, 0x000000008c500000, 0x000000008c600000|  0%| F|  |TAMS 0x000000008c500000, 0x000000008c500000| Untracked 
| 198|0x000000008c600000, 0x000000008c600000, 0x000000008c700000|  0%| F|  |TAMS 0x000000008c600000, 0x000000008c600000| Untracked 
| 199|0x000000008c700000, 0x000000008c700000, 0x000000008c800000|  0%| F|  |TAMS 0x000000008c700000, 0x000000008c700000| Untracked 
| 200|0x000000008c800000, 0x000000008c800000, 0x000000008c900000|  0%| F|  |TAMS 0x000000008c800000, 0x000000008c800000| Untracked 
| 201|0x000000008c900000, 0x000000008c900000, 0x000000008ca00000|  0%| F|  |TAMS 0x000000008c900000, 0x000000008c900000| Untracked 
| 202|0x000000008ca00000, 0x000000008ca00000, 0x000000008cb00000|  0%| F|  |TAMS 0x000000008ca00000, 0x000000008ca00000| Untracked 
| 203|0x000000008cb00000, 0x000000008cb00000, 0x000000008cc00000|  0%| F|  |TAMS 0x000000008cb00000, 0x000000008cb00000| Untracked 
| 204|0x000000008cc00000, 0x000000008cc00000, 0x000000008cd00000|  0%| F|  |TAMS 0x000000008cc00000, 0x000000008cc00000| Untracked 
| 205|0x000000008cd00000, 0x000000008cd00000, 0x000000008ce00000|  0%| F|  |TAMS 0x000000008cd00000, 0x000000008cd00000| Untracked 
| 206|0x000000008ce00000, 0x000000008ce00000, 0x000000008cf00000|  0%| F|  |TAMS 0x000000008ce00000, 0x000000008ce00000| Untracked 
| 207|0x000000008cf00000, 0x000000008cf00000, 0x000000008d000000|  0%| F|  |TAMS 0x000000008cf00000, 0x000000008cf00000| Untracked 
| 208|0x000000008d000000, 0x000000008d000000, 0x000000008d100000|  0%| F|  |TAMS 0x000000008d000000, 0x000000008d000000| Untracked 
| 209|0x000000008d100000, 0x000000008d100000, 0x000000008d200000|  0%| F|  |TAMS 0x000000008d100000, 0x000000008d100000| Untracked 
| 210|0x000000008d200000, 0x000000008d200000, 0x000000008d300000|  0%| F|  |TAMS 0x000000008d200000, 0x000000008d200000| Untracked 
| 211|0x000000008d300000, 0x000000008d300000, 0x000000008d400000|  0%| F|  |TAMS 0x000000008d300000, 0x000000008d300000| Untracked 
| 212|0x000000008d400000, 0x000000008d400000, 0x000000008d500000|  0%| F|  |TAMS 0x000000008d400000, 0x000000008d400000| Untracked 
| 213|0x000000008d500000, 0x000000008d500000, 0x000000008d600000|  0%| F|  |TAMS 0x000000008d500000, 0x000000008d500000| Untracked 
| 214|0x000000008d600000, 0x000000008d600000, 0x000000008d700000|  0%| F|  |TAMS 0x000000008d600000, 0x000000008d600000| Untracked 
| 215|0x000000008d700000, 0x000000008d700000, 0x000000008d800000|  0%| F|  |TAMS 0x000000008d700000, 0x000000008d700000| Untracked 
| 216|0x000000008d800000, 0x000000008d800000, 0x000000008d900000|  0%| F|  |TAMS 0x000000008d800000, 0x000000008d800000| Untracked 
| 217|0x000000008d900000, 0x000000008d900000, 0x000000008da00000|  0%| F|  |TAMS 0x000000008d900000, 0x000000008d900000| Untracked 
| 218|0x000000008da00000, 0x000000008da00000, 0x000000008db00000|  0%| F|  |TAMS 0x000000008da00000, 0x000000008da00000| Untracked 
| 219|0x000000008db00000, 0x000000008db00000, 0x000000008dc00000|  0%| F|  |TAMS 0x000000008db00000, 0x000000008db00000| Untracked 
| 220|0x000000008dc00000, 0x000000008dc00000, 0x000000008dd00000|  0%| F|  |TAMS 0x000000008dc00000, 0x000000008dc00000| Untracked 
| 221|0x000000008dd00000, 0x000000008dd00000, 0x000000008de00000|  0%| F|  |TAMS 0x000000008dd00000, 0x000000008dd00000| Untracked 
| 222|0x000000008de00000, 0x000000008de00000, 0x000000008df00000|  0%| F|  |TAMS 0x000000008de00000, 0x000000008de00000| Untracked 
| 223|0x000000008df00000, 0x000000008df00000, 0x000000008e000000|  0%| F|  |TAMS 0x000000008df00000, 0x000000008df00000| Untracked 
| 224|0x000000008e000000, 0x000000008e000000, 0x000000008e100000|  0%| F|  |TAMS 0x000000008e000000, 0x000000008e000000| Untracked 
| 225|0x000000008e100000, 0x000000008e100000, 0x000000008e200000|  0%| F|  |TAMS 0x000000008e100000, 0x000000008e100000| Untracked 
| 226|0x000000008e200000, 0x000000008e200000, 0x000000008e300000|  0%| F|  |TAMS 0x000000008e200000, 0x000000008e200000| Untracked 
| 227|0x000000008e300000, 0x000000008e300000, 0x000000008e400000|  0%| F|  |TAMS 0x000000008e300000, 0x000000008e300000| Untracked 
| 228|0x000000008e400000, 0x000000008e400000, 0x000000008e500000|  0%| F|  |TAMS 0x000000008e400000, 0x000000008e400000| Untracked 
| 229|0x000000008e500000, 0x000000008e500000, 0x000000008e600000|  0%| F|  |TAMS 0x000000008e500000, 0x000000008e500000| Untracked 
| 230|0x000000008e600000, 0x000000008e600000, 0x000000008e700000|  0%| F|  |TAMS 0x000000008e600000, 0x000000008e600000| Untracked 
| 231|0x000000008e700000, 0x000000008e700000, 0x000000008e800000|  0%| F|  |TAMS 0x000000008e700000, 0x000000008e700000| Untracked 
| 232|0x000000008e800000, 0x000000008e800000, 0x000000008e900000|  0%| F|  |TAMS 0x000000008e800000, 0x000000008e800000| Untracked 
| 233|0x000000008e900000, 0x000000008e900000, 0x000000008ea00000|  0%| F|  |TAMS 0x000000008e900000, 0x000000008e900000| Untracked 
| 234|0x000000008ea00000, 0x000000008ea00000, 0x000000008eb00000|  0%| F|  |TAMS 0x000000008ea00000, 0x000000008ea00000| Untracked 
| 235|0x000000008eb00000, 0x000000008eb80800, 0x000000008ec00000| 50%| E|  |TAMS 0x000000008eb00000, 0x000000008eb00000| Complete 
| 236|0x000000008ec00000, 0x000000008ed00000, 0x000000008ed00000|100%| E|CS|TAMS 0x000000008ec00000, 0x000000008ec00000| Complete 
| 237|0x000000008ed00000, 0x000000008ee00000, 0x000000008ee00000|100%| E|CS|TAMS 0x000000008ed00000, 0x000000008ed00000| Complete 
| 238|0x000000008ee00000, 0x000000008ef00000, 0x000000008ef00000|100%| E|CS|TAMS 0x000000008ee00000, 0x000000008ee00000| Complete 
| 239|0x000000008ef00000, 0x000000008f000000, 0x000000008f000000|100%| E|CS|TAMS 0x000000008ef00000, 0x000000008ef00000| Complete 
| 240|0x000000008f000000, 0x000000008f100000, 0x000000008f100000|100%| E|CS|TAMS 0x000000008f000000, 0x000000008f000000| Complete 
| 241|0x000000008f100000, 0x000000008f200000, 0x000000008f200000|100%| E|CS|TAMS 0x000000008f100000, 0x000000008f100000| Complete 
| 242|0x000000008f200000, 0x000000008f300000, 0x000000008f300000|100%| E|CS|TAMS 0x000000008f200000, 0x000000008f200000| Complete 
| 243|0x000000008f300000, 0x000000008f400000, 0x000000008f400000|100%| E|CS|TAMS 0x000000008f300000, 0x000000008f300000| Complete 
| 244|0x000000008f400000, 0x000000008f500000, 0x000000008f500000|100%| E|CS|TAMS 0x000000008f400000, 0x000000008f400000| Complete 

Card table byte_map: [0x0000025b4ddd0000,0x0000025b4e1d0000] _byte_map_base: 0x0000025b4d9d0000

Marking Bits (Prev, Next): (CMBitMap*) 0x0000025b39739a10, (CMBitMap*) 0x0000025b397399d0
 Prev Bits: [0x0000025b505d0000, 0x0000025b525d0000)
 Next Bits: [0x0000025b4e5d0000, 0x0000025b505d0000)

Polling page: 0x0000025b3e370000

Metaspace:

Usage:
  Non-class:     80.86 MB used.
      Class:     12.65 MB used.
       Both:     93.51 MB used.

Virtual space:
  Non-class space:      128.00 MB reserved,      81.19 MB ( 63%) committed,  2 nodes.
      Class space:        1.00 GB reserved,      13.00 MB (  1%) committed,  1 nodes.
             Both:        1.12 GB reserved,      94.19 MB (  8%) committed. 

Chunk freelists:
   Non-Class:  14.55 MB
       Class:  3.05 MB
        Both:  17.59 MB

MaxMetaspaceSize: unlimited
CompressedClassSpaceSize: 1.00 GB
Initial GC threshold: 21.00 MB
Current GC threshold: 125.25 MB
CDS: off
MetaspaceReclaimPolicy: balanced
 - commit_granule_bytes: 65536.
 - commit_granule_words: 8192.
 - virtual_space_node_default_size: 8388608.
 - enlarge_chunks_in_place: 1.
 - new_chunks_are_fully_committed: 0.
 - uncommit_free_chunks: 1.
 - use_allocation_guard: 0.
 - handle_deallocations: 1.


Internal statistics:

num_allocs_failed_limit: 3.
num_arena_births: 920.
num_arena_deaths: 0.
num_vsnodes_births: 3.
num_vsnodes_deaths: 0.
num_space_committed: 1506.
num_space_uncommitted: 0.
num_chunks_returned_to_freelist: 3.
num_chunks_taken_from_freelist: 4191.
num_chunk_merges: 3.
num_chunk_splits: 2964.
num_chunks_enlarged: 2193.
num_inconsistent_stats: 0.

CodeHeap 'non-profiled nmethods': size=120000Kb used=4146Kb max_used=4146Kb free=115853Kb
 bounds [0x0000025b45e60000, 0x0000025b46270000, 0x0000025b4d390000]
CodeHeap 'profiled nmethods': size=120000Kb used=15217Kb max_used=15217Kb free=104782Kb
 bounds [0x0000025b3e390000, 0x0000025b3f270000, 0x0000025b458c0000]
CodeHeap 'non-nmethods': size=5760Kb used=2399Kb max_used=2426Kb free=3360Kb
 bounds [0x0000025b458c0000, 0x0000025b45b30000, 0x0000025b45e60000]
 total_blobs=8685 nmethods=7752 adapters=845
 compilation: enabled
              stopped_count=0, restarted_count=0
 full_count=0

Compilation events (20 events):
Event: 43.991 Thread 0x0000025b59017990 8577       3       org.jetbrains.kotlin.container.CacheKt::collectInterfacesRecursive (142 bytes)
Event: 43.995 Thread 0x0000025b59017990 nmethod 8577 0x0000025b3f269d10 code [0x0000025b3f269fc0, 0x0000025b3f26af98]
Event: 43.995 Thread 0x0000025b59017990 8575       3       org.jetbrains.kotlin.com.intellij.util.containers.MultiMap$$Lambda$981/0x0000000100ce1798::<init> (10 bytes)
Event: 43.995 Thread 0x0000025b59017990 nmethod 8575 0x0000025b3f26b390 code [0x0000025b3f26b520, 0x0000025b3f26b6d8]
Event: 43.995 Thread 0x0000025b59017990 8576       1       org.jetbrains.kotlin.com.intellij.util.containers.ConcurrentWeakKeySoftValueHashMap$HardKey::hashCode (5 bytes)
Event: 43.996 Thread 0x0000025b59017990 nmethod 8576 0x0000025b4626b990 code [0x0000025b4626bb20, 0x0000025b4626bbf8]
Event: 43.996 Thread 0x0000025b59017990 8578       1       org.jetbrains.kotlin.com.intellij.util.containers.ConcurrentWeakKeySoftValueHashMap$WeakKey::hashCode (5 bytes)
Event: 43.996 Thread 0x0000025b59017990 nmethod 8578 0x0000025b4626bc90 code [0x0000025b4626be20, 0x0000025b4626bef8]
Event: 43.996 Thread 0x0000025b59017990 8579       1       org.jetbrains.kotlin.container.ClassInfo::getRegistrations (5 bytes)
Event: 43.997 Thread 0x0000025b59017990 nmethod 8579 0x0000025b4626bf90 code [0x0000025b4626c120, 0x0000025b4626c1f8]
Event: 43.997 Thread 0x0000025b59017990 8580       3       org.jetbrains.kotlin.com.intellij.util.SmartList::get (28 bytes)
Event: 43.998 Thread 0x0000025b59017990 nmethod 8580 0x0000025b3f26b790 code [0x0000025b3f26b960, 0x0000025b3f26bca8]
Event: 43.999 Thread 0x0000025b59017990 8582       1       kotlin.collections.EmptyIterator::hasNext (2 bytes)
Event: 43.999 Thread 0x0000025b59017990 nmethod 8582 0x0000025b4626c290 code [0x0000025b4626c420, 0x0000025b4626c4f8]
Event: 43.999 Thread 0x0000025b59017990 8583       3       kotlin.collections.EmptyList::iterator (7 bytes)
Event: 44.000 Thread 0x0000025b59017990 nmethod 8583 0x0000025b3f26be10 code [0x0000025b3f26bfa0, 0x0000025b3f26c0b8]
Event: 44.000 Thread 0x0000025b59017990 8584       1       org.jetbrains.kotlin.container.ComponentDescriptor::getShouldInjectProperties (2 bytes)
Event: 44.000 Thread 0x0000025b59017990 nmethod 8584 0x0000025b4626c590 code [0x0000025b4626c720, 0x0000025b4626c7f8]
Event: 44.066 Thread 0x0000025b59017990 8585       3       java.util.HashMap$ValueSpliterator::characteristics (28 bytes)
Event: 44.067 Thread 0x0000025b59017990 nmethod 8585 0x0000025b3f26c190 code [0x0000025b3f26c340, 0x0000025b3f26c518]

GC Heap History (20 events):
Event: 22.633 GC heap before
{Heap before GC invocations=27 (full 0):
 garbage-first heap   total 155648K, used 65201K [0x0000000080000000, 0x0000000100000000)
  region size 1024K, 7 young (7168K), 5 survivors (5120K)
 Metaspace       used 55487K, committed 56000K, reserved 1114112K
  class space    used 7480K, committed 7744K, reserved 1048576K
}
Event: 22.645 GC heap after
{Heap after GC invocations=28 (full 0):
 garbage-first heap   total 155648K, used 63663K [0x0000000080000000, 0x0000000100000000)
  region size 1024K, 1 young (1024K), 1 survivors (1024K)
 Metaspace       used 55487K, committed 56000K, reserved 1114112K
  class space    used 7480K, committed 7744K, reserved 1048576K
}
Event: 24.985 GC heap before
{Heap before GC invocations=28 (full 0):
 garbage-first heap   total 155648K, used 122031K [0x0000000080000000, 0x0000000100000000)
  region size 1024K, 55 young (56320K), 1 survivors (1024K)
 Metaspace       used 58896K, committed 59520K, reserved 1114112K
  class space    used 7922K, committed 8192K, reserved 1048576K
}
Event: 25.014 GC heap after
{Heap after GC invocations=29 (full 0):
 garbage-first heap   total 155648K, used 74921K [0x0000000080000000, 0x0000000100000000)
  region size 1024K, 7 young (7168K), 7 survivors (7168K)
 Metaspace       used 58896K, committed 59520K, reserved 1114112K
  class space    used 7922K, committed 8192K, reserved 1048576K
}
Event: 28.379 GC heap before
{Heap before GC invocations=29 (full 0):
 garbage-first heap   total 155648K, used 118953K [0x0000000080000000, 0x0000000100000000)
  region size 1024K, 50 young (51200K), 7 survivors (7168K)
 Metaspace       used 66189K, committed 66880K, reserved 1114112K
  class space    used 8811K, committed 9152K, reserved 1048576K
}
Event: 28.409 GC heap after
{Heap after GC invocations=30 (full 0):
 garbage-first heap   total 155648K, used 77907K [0x0000000080000000, 0x0000000100000000)
  region size 1024K, 3 young (3072K), 3 survivors (3072K)
 Metaspace       used 66189K, committed 66880K, reserved 1114112K
  class space    used 8811K, committed 9152K, reserved 1048576K
}
Event: 28.868 GC heap before
{Heap before GC invocations=30 (full 0):
 garbage-first heap   total 155648K, used 80979K [0x0000000080000000, 0x0000000100000000)
  region size 1024K, 7 young (7168K), 3 survivors (3072K)
 Metaspace       used 67502K, committed 68224K, reserved 1114112K
  class space    used 8952K, committed 9280K, reserved 1048576K
}
Event: 28.880 GC heap after
{Heap after GC invocations=31 (full 0):
 garbage-first heap   total 155648K, used 78755K [0x0000000080000000, 0x0000000100000000)
  region size 1024K, 4 young (4096K), 4 survivors (4096K)
 Metaspace       used 67502K, committed 68224K, reserved 1114112K
  class space    used 8952K, committed 9280K, reserved 1048576K
}
Event: 30.276 GC heap before
{Heap before GC invocations=32 (full 0):
 garbage-first heap   total 163840K, used 129955K [0x0000000080000000, 0x0000000100000000)
  region size 1024K, 48 young (49152K), 4 survivors (4096K)
 Metaspace       used 70739K, committed 71360K, reserved 1114112K
  class space    used 9375K, committed 9664K, reserved 1048576K
}
Event: 30.291 GC heap after
{Heap after GC invocations=33 (full 0):
 garbage-first heap   total 163840K, used 82186K [0x0000000080000000, 0x0000000100000000)
  region size 1024K, 5 young (5120K), 5 survivors (5120K)
 Metaspace       used 70739K, committed 71360K, reserved 1114112K
  class space    used 9375K, committed 9664K, reserved 1048576K
}
Event: 30.431 GC heap before
{Heap before GC invocations=33 (full 0):
 garbage-first heap   total 163840K, used 85258K [0x0000000080000000, 0x0000000100000000)
  region size 1024K, 8 young (8192K), 5 survivors (5120K)
 Metaspace       used 71052K, committed 71680K, reserved 1114112K
  class space    used 9405K, committed 9728K, reserved 1048576K
}
Event: 30.446 GC heap after
{Heap after GC invocations=34 (full 0):
 garbage-first heap   total 163840K, used 82486K [0x0000000080000000, 0x0000000100000000)
  region size 1024K, 1 young (1024K), 1 survivors (1024K)
 Metaspace       used 71052K, committed 71680K, reserved 1114112K
  class space    used 9405K, committed 9728K, reserved 1048576K
}
Event: 31.790 GC heap before
{Heap before GC invocations=34 (full 0):
 garbage-first heap   total 163840K, used 129590K [0x0000000080000000, 0x0000000100000000)
  region size 1024K, 47 young (48128K), 1 survivors (1024K)
 Metaspace       used 75774K, committed 76480K, reserved 1179648K
  class space    used 10061K, committed 10368K, reserved 1048576K
}
Event: 31.804 GC heap after
{Heap after GC invocations=35 (full 0):
 garbage-first heap   total 250880K, used 86438K [0x0000000080000000, 0x0000000100000000)
  region size 1024K, 5 young (5120K), 5 survivors (5120K)
 Metaspace       used 75774K, committed 76480K, reserved 1179648K
  class space    used 10061K, committed 10368K, reserved 1048576K
}
Event: 39.411 GC heap before
{Heap before GC invocations=36 (full 0):
 garbage-first heap   total 250880K, used 188838K [0x0000000080000000, 0x0000000100000000)
  region size 1024K, 95 young (97280K), 5 survivors (5120K)
 Metaspace       used 89253K, committed 89984K, reserved 1179648K
  class space    used 12237K, committed 12544K, reserved 1048576K
}
Event: 39.490 GC heap after
{Heap after GC invocations=37 (full 0):
 garbage-first heap   total 250880K, used 103753K [0x0000000080000000, 0x0000000100000000)
  region size 1024K, 12 young (12288K), 12 survivors (12288K)
 Metaspace       used 89253K, committed 89984K, reserved 1179648K
  class space    used 12237K, committed 12544K, reserved 1048576K
}
Event: 39.511 GC heap before
{Heap before GC invocations=37 (full 0):
 garbage-first heap   total 250880K, used 104777K [0x0000000080000000, 0x0000000100000000)
  region size 1024K, 13 young (13312K), 12 survivors (12288K)
 Metaspace       used 89253K, committed 89984K, reserved 1179648K
  class space    used 12237K, committed 12544K, reserved 1048576K
}
Event: 39.598 GC heap after
{Heap after GC invocations=38 (full 0):
 garbage-first heap   total 250880K, used 103801K [0x0000000080000000, 0x0000000100000000)
  region size 1024K, 2 young (2048K), 2 survivors (2048K)
 Metaspace       used 89253K, committed 89984K, reserved 1179648K
  class space    used 12237K, committed 12544K, reserved 1048576K
}
Event: 43.605 GC heap before
{Heap before GC invocations=38 (full 0):
 garbage-first heap   total 250880K, used 204153K [0x0000000080000000, 0x0000000100000000)
  region size 1024K, 95 young (97280K), 2 survivors (2048K)
 Metaspace       used 94551K, committed 95296K, reserved 1179648K
  class space    used 12826K, committed 13184K, reserved 1048576K
}
Event: 43.703 GC heap after
{Heap after GC invocations=39 (full 0):
 garbage-first heap   total 250880K, used 123661K [0x0000000080000000, 0x0000000100000000)
  region size 1024K, 12 young (12288K), 12 survivors (12288K)
 Metaspace       used 94551K, committed 95296K, reserved 1179648K
  class space    used 12826K, committed 13184K, reserved 1048576K
}

Dll operation events (2 events):
Event: 0.033 Loaded shared library C:\Program Files\Android\Android Studio\jbr\bin\java.dll
Event: 1.979 Loaded shared library C:\Program Files\Android\Android Studio\jbr\bin\verify.dll

Deoptimization events (20 events):
Event: 43.040 Thread 0x0000025b5b8098b0 Uncommon trap: trap_request=0xffffffde fr.pc=0x0000025b46258244 relative=0x0000000000000464
Event: 43.040 Thread 0x0000025b5b8098b0 Uncommon trap: reason=class_check action=maybe_recompile pc=0x0000025b46258244 method=org.jetbrains.kotlin.protobuf.CodedInputStream.tryRefillBuffer(I)Z @ 177 c2
Event: 43.040 Thread 0x0000025b5b8098b0 DEOPT PACKING pc=0x0000025b46258244 sp=0x000000a9013f4ac0
Event: 43.040 Thread 0x0000025b5b8098b0 DEOPT UNPACKING pc=0x0000025b459169a3 sp=0x000000a9013f49a8 mode 2
Event: 43.049 Thread 0x0000025b5b8098b0 Uncommon trap: trap_request=0xffffffde fr.pc=0x0000025b46258244 relative=0x0000000000000464
Event: 43.049 Thread 0x0000025b5b8098b0 Uncommon trap: reason=class_check action=maybe_recompile pc=0x0000025b46258244 method=org.jetbrains.kotlin.protobuf.CodedInputStream.tryRefillBuffer(I)Z @ 177 c2
Event: 43.049 Thread 0x0000025b5b8098b0 DEOPT PACKING pc=0x0000025b46258244 sp=0x000000a9013f4ac0
Event: 43.049 Thread 0x0000025b5b8098b0 DEOPT UNPACKING pc=0x0000025b459169a3 sp=0x000000a9013f49a8 mode 2
Event: 43.059 Thread 0x0000025b5b8098b0 Uncommon trap: trap_request=0xffffffde fr.pc=0x0000025b46258244 relative=0x0000000000000464
Event: 43.060 Thread 0x0000025b5b8098b0 Uncommon trap: reason=class_check action=maybe_recompile pc=0x0000025b46258244 method=org.jetbrains.kotlin.protobuf.CodedInputStream.tryRefillBuffer(I)Z @ 177 c2
Event: 43.060 Thread 0x0000025b5b8098b0 DEOPT PACKING pc=0x0000025b46258244 sp=0x000000a9013f4ac0
Event: 43.060 Thread 0x0000025b5b8098b0 DEOPT UNPACKING pc=0x0000025b459169a3 sp=0x000000a9013f49a8 mode 2
Event: 43.060 Thread 0x0000025b5b8098b0 Uncommon trap: trap_request=0xffffffde fr.pc=0x0000025b46258244 relative=0x0000000000000464
Event: 43.060 Thread 0x0000025b5b8098b0 Uncommon trap: reason=class_check action=maybe_recompile pc=0x0000025b46258244 method=org.jetbrains.kotlin.protobuf.CodedInputStream.tryRefillBuffer(I)Z @ 177 c2
Event: 43.060 Thread 0x0000025b5b8098b0 DEOPT PACKING pc=0x0000025b46258244 sp=0x000000a9013f4ac0
Event: 43.060 Thread 0x0000025b5b8098b0 DEOPT UNPACKING pc=0x0000025b459169a3 sp=0x000000a9013f49a8 mode 2
Event: 43.996 Thread 0x0000025b5b8098b0 Uncommon trap: trap_request=0xffffff45 fr.pc=0x0000025b46242884 relative=0x00000000000000e4
Event: 43.996 Thread 0x0000025b5b8098b0 Uncommon trap: reason=unstable_if action=reinterpret pc=0x0000025b46242884 method=org.jetbrains.kotlin.com.intellij.util.SmartList.get(I)Ljava/lang/Object; @ 13 c2
Event: 43.997 Thread 0x0000025b5b8098b0 DEOPT PACKING pc=0x0000025b46242884 sp=0x000000a9013f33f0
Event: 43.997 Thread 0x0000025b5b8098b0 DEOPT UNPACKING pc=0x0000025b459169a3 sp=0x000000a9013f3390 mode 2

Classes unloaded (0 events):
No events

Classes redefined (0 events):
No events

Internal exceptions (20 events):
Event: 27.787 Thread 0x0000025b5b8098b0 Exception <a 'java/lang/IncompatibleClassChangeError'{0x00000000876b8e40}: Found class java.lang.Object, but interface was expected> (0x00000000876b8e40) 
thrown [s\src\hotspot\share\interpreter\linkResolver.cpp, line 838]
Event: 27.956 Thread 0x0000025b5b8098b0 Implicit null exception at 0x0000025b4606d2d9 to 0x0000025b4606d474
Event: 27.956 Thread 0x0000025b5b8098b0 Implicit null exception at 0x0000025b46095821 to 0x0000025b46099190
Event: 28.545 Thread 0x0000025b5b8098b0 Implicit null exception at 0x0000025b4605f98c to 0x0000025b4605fac2
Event: 29.241 Thread 0x0000025b5b8098b0 Exception <a 'sun/nio/fs/WindowsException'{0x00000000888a9cd0}> (0x00000000888a9cd0) 
thrown [s\src\hotspot\share\prims\jni.cpp, line 517]
Event: 30.329 Thread 0x0000025b5b8098b0 Implicit null exception at 0x0000025b46043bc8 to 0x0000025b46043c78
Event: 31.828 Thread 0x0000025b5b8098b0 Exception <a 'java/lang/NoSuchMethodError'{0x000000008f464700}: 'void java.lang.invoke.DirectMethodHandle$Holder.invokeVirtual(java.lang.Object, java.lang.Object)'> (0x000000008f464700) 
thrown [s\src\hotspot\share\interpreter\linkResolver.cpp, line 771]
Event: 32.077 Thread 0x0000025b5b8098b0 Exception <a 'java/lang/NoSuchMethodError'{0x000000008eef3328}: 'int java.lang.invoke.DelegatingMethodHandle$Holder.reinvoke_L(java.lang.Object, java.lang.Object, java.lang.Object, long, int, int)'> (0x000000008eef3328) 
thrown [s\src\hotspot\share\interpreter\linkResolver.cpp, line 771]
Event: 32.078 Thread 0x0000025b5b8098b0 Exception <a 'java/lang/NoSuchMethodError'{0x000000008ed07470}: 'int java.lang.invoke.DelegatingMethodHandle$Holder.reinvoke_L(java.lang.Object, java.lang.Object, java.lang.Object, long, long, long)'> (0x000000008ed07470) 
thrown [s\src\hotspot\share\interpreter\linkResolver.cpp, line 771]
Event: 32.080 Thread 0x0000025b5b8098b0 Exception <a 'java/lang/NoSuchMethodError'{0x000000008ed17520}: 'int java.lang.invoke.DelegatingMethodHandle$Holder.reinvoke_L(java.lang.Object, java.lang.Object, java.lang.Object, long, java.lang.Object, java.lang.Object)'> (0x000000008ed17520) 
thrown [s\src\hotspot\share\interpreter\linkResolver.cpp, line 771]
Event: 32.082 Thread 0x0000025b5b8098b0 Exception <a 'java/lang/NoSuchMethodError'{0x000000008ed27418}: 'void java.lang.invoke.DelegatingMethodHandle$Holder.reinvoke_L(java.lang.Object, java.lang.Object, java.lang.Object, long, java.lang.Object)'> (0x000000008ed27418) 
thrown [s\src\hotspot\share\interpreter\linkResolver.cpp, line 771]
Event: 32.082 Thread 0x0000025b5b8098b0 Exception <a 'java/lang/NoSuchMethodError'{0x000000008ed2fd08}: 'java.lang.Object java.lang.invoke.DirectMethodHandle$Holder.invokeSpecial(java.lang.Object, java.lang.Object, java.lang.Object, java.lang.Object, long)'> (0x000000008ed2fd08) 
thrown [s\src\hotspot\share\interpreter\linkResolver.cpp, line 771]
Event: 32.086 Thread 0x0000025b5b8098b0 Exception <a 'java/lang/NoSuchMethodError'{0x000000008ed54b40}: 'long java.lang.invoke.Invokers$Holder.invoke_MT(java.lang.Object, java.lang.Object, java.lang.Object, java.lang.Object)'> (0x000000008ed54b40) 
thrown [s\src\hotspot\share\interpreter\linkResolver.cpp, line 771]
Event: 32.088 Thread 0x0000025b5b8098b0 Exception <a 'java/lang/NoSuchMethodError'{0x000000008ed5deb0}: 'int java.lang.invoke.Invokers$Holder.invoke_MT(java.lang.Object, java.lang.Object, java.lang.Object, java.lang.Object)'> (0x000000008ed5deb0) 
thrown [s\src\hotspot\share\interpreter\linkResolver.cpp, line 771]
Event: 32.090 Thread 0x0000025b5b8098b0 Exception <a 'java/lang/NoSuchMethodError'{0x000000008ed6f478}: 'int java.lang.invoke.DelegatingMethodHandle$Holder.reinvoke_L(java.lang.Object, java.lang.Object, java.lang.Object, long, int)'> (0x000000008ed6f478) 
thrown [s\src\hotspot\share\interpreter\linkResolver.cpp, line 771]
Event: 32.093 Thread 0x0000025b5b8098b0 Exception <a 'java/lang/NoSuchMethodError'{0x000000008ed82a08}: 'java.lang.Object java.lang.invoke.Invokers$Holder.invokeExact_MT(java.lang.Object, java.lang.Object, long, java.lang.Object)'> (0x000000008ed82a08) 
thrown [s\src\hotspot\share\interpreter\linkResolver.cpp, line 771]
Event: 32.836 Thread 0x0000025b5b8098b0 Exception <a 'java/lang/NoSuchMethodError'{0x000000008e58b7a8}: 'java.lang.Object java.lang.invoke.DirectMethodHandle$Holder.invokeStaticInit(java.lang.Object, int)'> (0x000000008e58b7a8) 
thrown [s\src\hotspot\share\interpreter\linkResolver.cpp, line 771]
Event: 33.019 Thread 0x0000025b5b8098b0 Exception <a 'java/lang/NoSuchMethodError'{0x000000008e274d28}: 'long java.lang.invoke.DirectMethodHandle$Holder.invokeStatic(java.lang.Object)'> (0x000000008e274d28) 
thrown [s\src\hotspot\share\interpreter\linkResolver.cpp, line 771]
Event: 33.020 Thread 0x0000025b5b8098b0 Exception <a 'java/lang/NoSuchMethodError'{0x000000008e2798c8}: 'long java.lang.invoke.DirectMethodHandle$Holder.invokeStaticInit(java.lang.Object)'> (0x000000008e2798c8) 
thrown [s\src\hotspot\share\interpreter\linkResolver.cpp, line 771]
Event: 38.934 Thread 0x0000025b5b8098b0 Exception <a 'java/lang/NoSuchMethodError'{0x000000008a965978}: 'java.lang.Object java.lang.invoke.Invokers$Holder.invoke_MT(java.lang.Object, java.lang.Object, java.lang.Object)'> (0x000000008a965978) 
thrown [s\src\hotspot\share\interpreter\linkResolver.cpp, line 771]

VM Operations (20 events):
Event: 38.149 Executing VM operation: HandshakeAllThreads
Event: 38.150 Executing VM operation: HandshakeAllThreads done
Event: 39.025 Executing VM operation: HandshakeAllThreads
Event: 39.025 Executing VM operation: HandshakeAllThreads done
Event: 39.025 Executing VM operation: Cleanup
Event: 39.025 Executing VM operation: Cleanup done
Event: 39.411 Executing VM operation: G1CollectForAllocation
Event: 39.491 Executing VM operation: G1CollectForAllocation done
Event: 39.511 Executing VM operation: G1CollectForAllocation
Event: 39.599 Executing VM operation: G1CollectForAllocation done
Event: 40.607 Executing VM operation: Cleanup
Event: 40.607 Executing VM operation: Cleanup done
Event: 41.616 Executing VM operation: Cleanup
Event: 41.617 Executing VM operation: Cleanup done
Event: 42.631 Executing VM operation: Cleanup
Event: 42.632 Executing VM operation: Cleanup done
Event: 42.991 Executing VM operation: HandshakeAllThreads
Event: 42.991 Executing VM operation: HandshakeAllThreads done
Event: 43.605 Executing VM operation: G1CollectForAllocation
Event: 43.703 Executing VM operation: G1CollectForAllocation done

Events (20 events):
Event: 38.932 loading class jdk/internal/misc/ExtendedMapMode
Event: 38.932 loading class jdk/internal/misc/ExtendedMapMode done
Event: 38.936 loading class sun/nio/ch/FileChannelImpl$DefaultUnmapper
Event: 38.936 loading class sun/nio/ch/FileChannelImpl$Unmapper
Event: 38.937 loading class jdk/internal/access/foreign/UnmapperProxy
Event: 38.937 loading class jdk/internal/access/foreign/UnmapperProxy done
Event: 38.937 loading class sun/nio/ch/FileChannelImpl$Unmapper done
Event: 38.937 loading class sun/nio/ch/FileChannelImpl$DefaultUnmapper done
Event: 38.938 loading class sun/nio/ch/Util$4
Event: 38.938 loading class sun/nio/ch/Util$4 done
Event: 38.943 loading class java/io/UTFDataFormatException
Event: 38.943 loading class java/io/UTFDataFormatException done
Event: 39.020 loading class java/nio/file/attribute/DosFileAttributeView
Event: 39.021 loading class java/nio/file/attribute/DosFileAttributeView done
Event: 39.021 loading class sun/nio/fs/WindowsFileAttributeViews$Dos
Event: 39.021 loading class sun/nio/fs/WindowsFileAttributeViews$Dos done
Event: 41.019 loading class java/nio/channels/Channels$ReadableByteChannelImpl
Event: 41.020 loading class java/nio/channels/Channels$ReadableByteChannelImpl done
Event: 41.021 loading class java/nio/channels/NonWritableChannelException
Event: 41.021 loading class java/nio/channels/NonWritableChannelException done


Dynamic libraries:
0x00007ff6b7e70000 - 0x00007ff6b7e7a000 	C:\Program Files\Android\Android Studio\jbr\bin\java.exe
0x00007fff961b0000 - 0x00007fff963a8000 	C:\WINDOWS\SYSTEM32\ntdll.dll
0x00007fff95870000 - 0x00007fff9592d000 	C:\WINDOWS\System32\KERNEL32.DLL
0x00007fff93920000 - 0x00007fff93c16000 	C:\WINDOWS\System32\KERNELBASE.dll
0x00007fff93e50000 - 0x00007fff93f50000 	C:\WINDOWS\System32\ucrtbase.dll
0x00007fff77ba0000 - 0x00007fff77bb7000 	C:\Program Files\Android\Android Studio\jbr\bin\jli.dll
0x00007fff8c6e0000 - 0x00007fff8c6fb000 	C:\Program Files\Android\Android Studio\jbr\bin\VCRUNTIME140.dll
0x00007fff94ca0000 - 0x00007fff94e3f000 	C:\WINDOWS\System32\USER32.dll
0x00007fff93f50000 - 0x00007fff93f72000 	C:\WINDOWS\System32\win32u.dll
0x00007fff84850000 - 0x00007fff84aea000 	C:\WINDOWS\WinSxS\amd64_microsoft.windows.common-controls_6595b64144ccf1df_6.0.19041.4355_none_60b8b9eb71f62e16\COMCTL32.dll
0x00007fff94b10000 - 0x00007fff94b3b000 	C:\WINDOWS\System32\GDI32.dll
0x00007fff95e90000 - 0x00007fff95f2e000 	C:\WINDOWS\System32\msvcrt.dll
0x00007fff93f80000 - 0x00007fff94097000 	C:\WINDOWS\System32\gdi32full.dll
0x00007fff93c20000 - 0x00007fff93cbd000 	C:\WINDOWS\System32\msvcp_win.dll
0x00007fff94ad0000 - 0x00007fff94b02000 	C:\WINDOWS\System32\IMM32.DLL
0x00007fff8e820000 - 0x00007fff8e82c000 	C:\Program Files\Android\Android Studio\jbr\bin\vcruntime140_1.dll
0x00007fff78250000 - 0x00007fff782dd000 	C:\Program Files\Android\Android Studio\jbr\bin\msvcp140.dll
0x00007fff531f0000 - 0x00007fff53e73000 	C:\Program Files\Android\Android Studio\jbr\bin\server\jvm.dll
0x00007fff960c0000 - 0x00007fff96170000 	C:\WINDOWS\System32\ADVAPI32.dll
0x00007fff95770000 - 0x00007fff95810000 	C:\WINDOWS\System32\sechost.dll
0x00007fff94b50000 - 0x00007fff94c73000 	C:\WINDOWS\System32\RPCRT4.dll
0x00007fff93e20000 - 0x00007fff93e47000 	C:\WINDOWS\System32\bcrypt.dll
0x00007fff92d90000 - 0x00007fff92ddb000 	C:\WINDOWS\SYSTEM32\POWRPROF.dll
0x00007fff8d520000 - 0x00007fff8d529000 	C:\WINDOWS\SYSTEM32\WSOCK32.dll
0x00007fff946d0000 - 0x00007fff9473b000 	C:\WINDOWS\System32\WS2_32.dll
0x00007fff7f680000 - 0x00007fff7f6a7000 	C:\WINDOWS\SYSTEM32\WINMM.dll
0x00007fff82e90000 - 0x00007fff82e9a000 	C:\WINDOWS\SYSTEM32\VERSION.dll
0x00007fff92c50000 - 0x00007fff92c62000 	C:\WINDOWS\SYSTEM32\UMPDC.dll
0x00007fff916e0000 - 0x00007fff916f2000 	C:\WINDOWS\SYSTEM32\kernel.appcore.dll
0x00007fff89f00000 - 0x00007fff89f0a000 	C:\Program Files\Android\Android Studio\jbr\bin\jimage.dll
0x00007fff82870000 - 0x00007fff82a54000 	C:\WINDOWS\SYSTEM32\DBGHELP.DLL
0x00007fff81970000 - 0x00007fff819a4000 	C:\WINDOWS\SYSTEM32\dbgcore.DLL
0x00007fff94150000 - 0x00007fff941d2000 	C:\WINDOWS\System32\bcryptPrimitives.dll
0x00007fff85e50000 - 0x00007fff85e75000 	C:\Program Files\Android\Android Studio\jbr\bin\java.dll
0x00007fff841f0000 - 0x00007fff84208000 	C:\Program Files\Android\Android Studio\jbr\bin\zip.dll
0x00007fff94e40000 - 0x00007fff955ab000 	C:\WINDOWS\System32\SHELL32.dll
0x00007fff918e0000 - 0x00007fff9207d000 	C:\WINDOWS\SYSTEM32\windows.storage.dll
0x00007fff94290000 - 0x00007fff945e3000 	C:\WINDOWS\System32\combase.dll
0x00007fff93280000 - 0x00007fff932ae000 	C:\WINDOWS\SYSTEM32\Wldp.dll
0x00007fff94740000 - 0x00007fff9480d000 	C:\WINDOWS\System32\OLEAUT32.dll
0x00007fff941e0000 - 0x00007fff9428d000 	C:\WINDOWS\System32\SHCORE.dll
0x00007fff95810000 - 0x00007fff95865000 	C:\WINDOWS\System32\shlwapi.dll
0x00007fff93790000 - 0x00007fff937b4000 	C:\WINDOWS\SYSTEM32\profapi.dll
0x00007fff7ca90000 - 0x00007fff7caa9000 	C:\Program Files\Android\Android Studio\jbr\bin\net.dll
0x00007fff8b280000 - 0x00007fff8b38a000 	C:\WINDOWS\SYSTEM32\WINHTTP.dll
0x00007fff92fe0000 - 0x00007fff9304a000 	C:\WINDOWS\system32\mswsock.dll
0x00007fff78850000 - 0x00007fff78866000 	C:\Program Files\Android\Android Studio\jbr\bin\nio.dll
0x00007fff8faa0000 - 0x00007fff8fab0000 	C:\Program Files\Android\Android Studio\jbr\bin\verify.dll
0x00007fff8c650000 - 0x00007fff8c677000 	C:\Users\NEVADA\.gradle\native\68d5fa5c4cc2d200863cafc0d521ce42e7d3e7ee720ec0a83991735586a16f82\windows-amd64\native-platform.dll
0x00007fff6d3e0000 - 0x00007fff6d524000 	C:\Users\NEVADA\.gradle\native\e376f236ea51e6404a007f0833ffe2c6e607c4080706a723a18a27aeea778392\windows-amd64\native-platform-file-events.dll
0x00007fff86010000 - 0x00007fff86019000 	C:\Program Files\Android\Android Studio\jbr\bin\management.dll
0x00007fff85860000 - 0x00007fff8586b000 	C:\Program Files\Android\Android Studio\jbr\bin\management_ext.dll
0x00007fff94b40000 - 0x00007fff94b48000 	C:\WINDOWS\System32\PSAPI.DLL
0x00007fff931d0000 - 0x00007fff931e8000 	C:\WINDOWS\SYSTEM32\CRYPTSP.dll
0x00007fff92890000 - 0x00007fff928c4000 	C:\WINDOWS\system32\rsaenh.dll
0x00007fff93700000 - 0x00007fff9372e000 	C:\WINDOWS\SYSTEM32\USERENV.dll
0x00007fff931f0000 - 0x00007fff931fc000 	C:\WINDOWS\SYSTEM32\CRYPTBASE.dll
0x00007fff92c70000 - 0x00007fff92cab000 	C:\WINDOWS\SYSTEM32\IPHLPAPI.DLL
0x00007fff956d0000 - 0x00007fff956d8000 	C:\WINDOWS\System32\NSI.dll
0x00007fff8c970000 - 0x00007fff8c987000 	C:\WINDOWS\SYSTEM32\dhcpcsvc6.DLL
0x00007fff8d0f0000 - 0x00007fff8d10d000 	C:\WINDOWS\SYSTEM32\dhcpcsvc.DLL
0x00007fff92cc0000 - 0x00007fff92d8b000 	C:\WINDOWS\SYSTEM32\DNSAPI.dll
0x00007fff88f00000 - 0x00007fff88f09000 	C:\Program Files\Android\Android Studio\jbr\bin\extnet.dll
0x00007fff89ef0000 - 0x00007fff89ef7000 	C:\WINDOWS\system32\wshunix.dll

dbghelp: loaded successfully - version: 4.0.5 - missing functions: none
symbol engine: initialized successfully - sym options: 0x614 - pdb path: .;C:\Program Files\Android\Android Studio\jbr\bin;C:\WINDOWS\SYSTEM32;C:\WINDOWS\WinSxS\amd64_microsoft.windows.common-controls_6595b64144ccf1df_6.0.19041.4355_none_60b8b9eb71f62e16;C:\Program Files\Android\Android Studio\jbr\bin\server;C:\Users\NEVADA\.gradle\native\68d5fa5c4cc2d200863cafc0d521ce42e7d3e7ee720ec0a83991735586a16f82\windows-amd64;C:\Users\NEVADA\.gradle\native\e376f236ea51e6404a007f0833ffe2c6e607c4080706a723a18a27aeea778392\windows-amd64

VM Arguments:
jvm_args: --add-opens=java.base/java.util=ALL-UNNAMED --add-opens=java.base/java.lang=ALL-UNNAMED --add-opens=java.base/java.lang.invoke=ALL-UNNAMED --add-opens=java.prefs/java.util.prefs=ALL-UNNAMED --add-opens=java.base/java.nio.charset=ALL-UNNAMED --add-opens=java.base/java.net=ALL-UNNAMED --add-opens=java.base/java.util.concurrent.atomic=ALL-UNNAMED -Xmx2048m -Dfile.encoding=UTF-8 -Duser.country=419 -Duser.language=es -Duser.variant 
java_command: org.gradle.launcher.daemon.bootstrap.GradleDaemon 8.0
java_class_path (initial): C:\Users\NEVADA\.gradle\wrapper\dists\gradle-8.0-bin\ca5e32bp14vu59qr306oxotwh\gradle-8.0\lib\gradle-launcher-8.0.jar
Launcher Type: SUN_STANDARD

[Global flags]
     intx CICompilerCount                          = 3                                         {product} {ergonomic}
     uint ConcGCThreads                            = 1                                         {product} {ergonomic}
     uint G1ConcRefinementThreads                  = 4                                         {product} {ergonomic}
   size_t G1HeapRegionSize                         = 1048576                                   {product} {ergonomic}
    uintx GCDrainStackTargetSize                   = 64                                        {product} {ergonomic}
   size_t InitialHeapSize                          = 65011712                                  {product} {ergonomic}
   size_t MarkStackSize                            = 4194304                                   {product} {ergonomic}
   size_t MaxHeapSize                              = 2147483648                                {product} {command line}
   size_t MaxNewSize                               = 1287651328                                {product} {ergonomic}
   size_t MinHeapDeltaBytes                        = 1048576                                   {product} {ergonomic}
   size_t MinHeapSize                              = 8388608                                   {product} {ergonomic}
    uintx NonNMethodCodeHeapSize                   = 5832780                                {pd product} {ergonomic}
    uintx NonProfiledCodeHeapSize                  = 122912730                              {pd product} {ergonomic}
    uintx ProfiledCodeHeapSize                     = 122912730                              {pd product} {ergonomic}
    uintx ReservedCodeCacheSize                    = 251658240                              {pd product} {ergonomic}
     bool SegmentedCodeCache                       = true                                      {product} {ergonomic}
   size_t SoftMaxHeapSize                          = 2147483648                             {manageable} {ergonomic}
     bool UseCompressedClassPointers               = true                           {product lp64_product} {ergonomic}
     bool UseCompressedOops                        = true                           {product lp64_product} {ergonomic}
     bool UseG1GC                                  = true                                      {product} {ergonomic}
     bool UseLargePagesIndividualAllocation        = false                                  {pd product} {ergonomic}

Logging:
Log output configuration:
 #0: stdout all=warning uptime,level,tags
 #1: stderr all=off uptime,level,tags

Environment Variables:
JAVA_HOME=C:\Program Files\Java\jdk1.8.0_111
PATH=C:\ProgramData\Oracle\Java\javapath;C:\WINDOWS\system32;C:\WINDOWS;C:\WINDOWS\System32\Wbem;C:\WINDOWS\System32\WindowsPowerShell\v1.0\;C:\WINDOWS\System32\OpenSSH\;C:\Program Files\nodejs\;C:\Program Files\Java\jdk1.8.0_111\bin;C:\Program Files\Git\cmd;C:\Program Files\MySQL\MySQL Shell 8.0\bin\;C:\Users\NEVADA\AppData\Local\Programs\Python\Python310\Scripts\;C:\Users\NEVADA\AppData\Local\Programs\Python\Python310\;C:\Users\NEVADA\AppData\Local\Microsoft\WindowsApps;C:\Users\NEVADA\AppData\Roaming\npm;C:\xampp\php;C:\Users\NEVADA\AppData\Local\Programs\Microsoft VS Code\bin;C:\Windows\System32\src\sqlite-tools-win32-x86-3420000;
USERNAME=NAVEDA
OS=Windows_NT
PROCESSOR_IDENTIFIER=Intel64 Family 6 Model 42 Stepping 7, GenuineIntel
TMP=C:\Users\NEVADA\AppData\Local\Temp
TEMP=C:\Users\NEVADA\AppData\Local\Temp



Periodic native trim disabled

JNI global refs:
JNI global refs: 23, weak refs: 1

JNI global refs memory usage: 843, weak refs: 841

OOME stack traces (most recent first):
Classloader memory used:
